0    INFO  (main) [   ] o.e.j.u.log Logging initialized @1000ms
471  INFO  (main) [   ] o.e.j.s.Server jetty-9.2.11.v20150529
496  WARN  (main) [   ] o.e.j.s.h.RequestLogHandler !RequestLog
500  INFO  (main) [   ] o.e.j.d.p.ScanningAppProvider Deployment monitor [file:/C:/Users/thyferny/git/mqa/solr-5.3.0/server/contexts/] at interval 0
1924 INFO  (main) [   ] o.e.j.w.StandardDescriptorProcessor NO JSP Support for /solr, did not find org.apache.jasper.servlet.JspServlet
1961 WARN  (main) [   ] o.e.j.s.SecurityHandler ServletContext@o.e.j.w.WebAppContext@239963d8{/solr,file:/C:/Users/thyferny/git/mqa/solr-5.3.0/server/solr-webapp/webapp/,STARTING}{C:\Users\thyferny\git\mqa\solr-5.3.0\server/solr-webapp/webapp} has uncovered http methods for path: /
1972 INFO  (main) [   ] o.a.s.s.SolrDispatchFilter SolrDispatchFilter.init(): WebAppClassLoader=1454127753@56ac3a89
2013 INFO  (main) [   ] o.a.s.c.SolrResourceLoader JNDI not configured for solr (NoInitialContextEx)
2014 INFO  (main) [   ] o.a.s.c.SolrResourceLoader using system property solr.solr.home: C:\Users\thyferny\git\mqa\solr-5.3.0\server\solr
2018 INFO  (main) [   ] o.a.s.c.SolrResourceLoader new SolrResourceLoader for directory: 'C:\Users\thyferny\git\mqa\solr-5.3.0\server\solr\'
2308 INFO  (main) [   ] o.a.s.c.SolrXmlConfig Loading container configuration from C:\Users\thyferny\git\mqa\solr-5.3.0\server\solr\solr.xml
2476 INFO  (main) [   ] o.a.s.c.CoresLocator Config-defined core root directory: C:\Users\thyferny\git\mqa\solr-5.3.0\server\solr
2519 INFO  (main) [   ] o.a.s.c.CoreContainer New CoreContainer 52908367
2520 INFO  (main) [   ] o.a.s.c.CoreContainer Loading cores into CoreContainer [instanceDir=C:\Users\thyferny\git\mqa\solr-5.3.0\server\solr\]
2521 INFO  (main) [   ] o.a.s.c.CoreContainer loading shared library: C:\Users\thyferny\git\mqa\solr-5.3.0\server\solr\lib
2522 WARN  (main) [   ] o.a.s.c.SolrResourceLoader Can't find (or read) directory to add to classloader: lib (resolved as: C:\Users\thyferny\git\mqa\solr-5.3.0\server\solr\lib).
2548 INFO  (main) [   ] o.a.s.h.c.HttpShardHandlerFactory created with socketTimeout : 600000,connTimeout : 60000,maxConnectionsPerHost : 20,maxConnections : 10000,corePoolSize : 0,maximumPoolSize : 2147483647,maxThreadIdleTime : 5,sizeOfQueue : -1,fairnessPolicy : false,useRetries : false,
2802 INFO  (main) [   ] o.a.s.u.UpdateShardHandler Creating UpdateShardHandler HTTP client with params: socketTimeout=600000&connTimeout=60000&retry=true
2806 INFO  (main) [   ] o.a.s.l.LogWatcher SLF4J impl is org.slf4j.impl.Log4jLoggerFactory
2809 INFO  (main) [   ] o.a.s.l.LogWatcher Registering Log Listener [Log4j (org.slf4j.impl.Log4jLoggerFactory)]
2814 INFO  (main) [   ] o.a.s.c.CoreContainer Security conf doesn't exist. Skipping setup for authorization module.
2814 INFO  (main) [   ] o.a.s.c.CoreContainer No authentication plugin used.
11902 INFO  (main) [   ] o.a.s.c.CoresLocator Looking for core definitions underneath C:\Users\thyferny\git\mqa\solr-5.3.0\server\solr
11997 INFO  (main) [   ] o.a.s.c.SolrCore Created CoreDescriptor: {name=solr-qa, config=solrconfig.xml, transient=false, schema=schema.xml, loadOnStartup=true, configSetProperties=configsetprops.json, instanceDir=C:\Users\thyferny\git\mqa\solr-5.3.0\server\solr\solr-qa, absoluteInstDir=C:\Users\thyferny\git\mqa\solr-5.3.0\server\solr\solr-qa\, dataDir=data}
11998 INFO  (main) [   ] o.a.s.c.CoresLocator Found core solr-qa in C:\Users\thyferny\git\mqa\solr-5.3.0\server\solr\solr-qa\
11998 INFO  (main) [   ] o.a.s.c.CoresLocator Found 1 core definitions
12002 INFO  (main) [   ] o.a.s.s.SolrDispatchFilter user.dir=C:\Users\thyferny\git\mqa\solr-5.3.0\server
12003 INFO  (main) [   ] o.a.s.s.SolrDispatchFilter SolrDispatchFilter.init() done
12002 INFO  (coreLoadExecutor-6-thread-1) [   ] o.a.s.c.SolrResourceLoader new SolrResourceLoader for directory: 'C:\Users\thyferny\git\mqa\solr-5.3.0\server\solr\solr-qa\'
12031 INFO  (main) [   ] o.e.j.s.h.ContextHandler Started o.e.j.w.WebAppContext@239963d8{/solr,file:/C:/Users/thyferny/git/mqa/solr-5.3.0/server/solr-webapp/webapp/,AVAILABLE}{C:\Users\thyferny\git\mqa\solr-5.3.0\server/solr-webapp/webapp}
12137 INFO  (coreLoadExecutor-6-thread-1) [   ] o.a.s.c.SolrConfig current version of requestparams : -1
12152 INFO  (coreLoadExecutor-6-thread-1) [   ] o.a.s.c.SolrConfig Adding specified lib dirs to ClassLoader
12159 INFO  (coreLoadExecutor-6-thread-1) [   ] o.a.s.c.SolrResourceLoader Adding 'file:/C:/Users/thyferny/git/mqa/solr-5.3.0/contrib/extraction/lib/apache-mime4j-core-0.7.2.jar' to classloader
12160 INFO  (coreLoadExecutor-6-thread-1) [   ] o.a.s.c.SolrResourceLoader Adding 'file:/C:/Users/thyferny/git/mqa/solr-5.3.0/contrib/extraction/lib/apache-mime4j-dom-0.7.2.jar' to classloader
12162 INFO  (coreLoadExecutor-6-thread-1) [   ] o.a.s.c.SolrResourceLoader Adding 'file:/C:/Users/thyferny/git/mqa/solr-5.3.0/contrib/extraction/lib/aspectjrt-1.8.0.jar' to classloader
12163 INFO  (coreLoadExecutor-6-thread-1) [   ] o.a.s.c.SolrResourceLoader Adding 'file:/C:/Users/thyferny/git/mqa/solr-5.3.0/contrib/extraction/lib/bcmail-jdk15-1.45.jar' to classloader
12164 INFO  (coreLoadExecutor-6-thread-1) [   ] o.a.s.c.SolrResourceLoader Adding 'file:/C:/Users/thyferny/git/mqa/solr-5.3.0/contrib/extraction/lib/bcprov-jdk15-1.45.jar' to classloader
12164 INFO  (coreLoadExecutor-6-thread-1) [   ] o.a.s.c.SolrResourceLoader Adding 'file:/C:/Users/thyferny/git/mqa/solr-5.3.0/contrib/extraction/lib/boilerpipe-1.1.0.jar' to classloader
12165 INFO  (coreLoadExecutor-6-thread-1) [   ] o.a.s.c.SolrResourceLoader Adding 'file:/C:/Users/thyferny/git/mqa/solr-5.3.0/contrib/extraction/lib/commons-compress-1.8.1.jar' to classloader
12169 INFO  (coreLoadExecutor-6-thread-1) [   ] o.a.s.c.SolrResourceLoader Adding 'file:/C:/Users/thyferny/git/mqa/solr-5.3.0/contrib/extraction/lib/fontbox-1.8.8.jar' to classloader
12170 INFO  (coreLoadExecutor-6-thread-1) [   ] o.a.s.c.SolrResourceLoader Adding 'file:/C:/Users/thyferny/git/mqa/solr-5.3.0/contrib/extraction/lib/icu4j-54.1.jar' to classloader
12171 INFO  (coreLoadExecutor-6-thread-1) [   ] o.a.s.c.SolrResourceLoader Adding 'file:/C:/Users/thyferny/git/mqa/solr-5.3.0/contrib/extraction/lib/isoparser-1.0.2.jar' to classloader
12172 INFO  (coreLoadExecutor-6-thread-1) [   ] o.a.s.c.SolrResourceLoader Adding 'file:/C:/Users/thyferny/git/mqa/solr-5.3.0/contrib/extraction/lib/java-libpst-0.8.1.jar' to classloader
12173 INFO  (coreLoadExecutor-6-thread-1) [   ] o.a.s.c.SolrResourceLoader Adding 'file:/C:/Users/thyferny/git/mqa/solr-5.3.0/contrib/extraction/lib/jdom-1.0.jar' to classloader
12173 INFO  (coreLoadExecutor-6-thread-1) [   ] o.a.s.c.SolrResourceLoader Adding 'file:/C:/Users/thyferny/git/mqa/solr-5.3.0/contrib/extraction/lib/jempbox-1.8.8.jar' to classloader
12174 INFO  (coreLoadExecutor-6-thread-1) [   ] o.a.s.c.SolrResourceLoader Adding 'file:/C:/Users/thyferny/git/mqa/solr-5.3.0/contrib/extraction/lib/jmatio-1.0.jar' to classloader
12175 INFO  (coreLoadExecutor-6-thread-1) [   ] o.a.s.c.SolrResourceLoader Adding 'file:/C:/Users/thyferny/git/mqa/solr-5.3.0/contrib/extraction/lib/juniversalchardet-1.0.3.jar' to classloader
12177 INFO  (coreLoadExecutor-6-thread-1) [   ] o.a.s.c.SolrResourceLoader Adding 'file:/C:/Users/thyferny/git/mqa/solr-5.3.0/contrib/extraction/lib/metadata-extractor-2.6.2.jar' to classloader
12178 INFO  (coreLoadExecutor-6-thread-1) [   ] o.a.s.c.SolrResourceLoader Adding 'file:/C:/Users/thyferny/git/mqa/solr-5.3.0/contrib/extraction/lib/pdfbox-1.8.8.jar' to classloader
12179 INFO  (coreLoadExecutor-6-thread-1) [   ] o.a.s.c.SolrResourceLoader Adding 'file:/C:/Users/thyferny/git/mqa/solr-5.3.0/contrib/extraction/lib/poi-3.11.jar' to classloader
12180 INFO  (coreLoadExecutor-6-thread-1) [   ] o.a.s.c.SolrResourceLoader Adding 'file:/C:/Users/thyferny/git/mqa/solr-5.3.0/contrib/extraction/lib/poi-ooxml-3.11.jar' to classloader
12181 INFO  (coreLoadExecutor-6-thread-1) [   ] o.a.s.c.SolrResourceLoader Adding 'file:/C:/Users/thyferny/git/mqa/solr-5.3.0/contrib/extraction/lib/poi-ooxml-schemas-3.11.jar' to classloader
12182 INFO  (coreLoadExecutor-6-thread-1) [   ] o.a.s.c.SolrResourceLoader Adding 'file:/C:/Users/thyferny/git/mqa/solr-5.3.0/contrib/extraction/lib/poi-scratchpad-3.11.jar' to classloader
12182 INFO  (coreLoadExecutor-6-thread-1) [   ] o.a.s.c.SolrResourceLoader Adding 'file:/C:/Users/thyferny/git/mqa/solr-5.3.0/contrib/extraction/lib/rome-1.0.jar' to classloader
12183 INFO  (coreLoadExecutor-6-thread-1) [   ] o.a.s.c.SolrResourceLoader Adding 'file:/C:/Users/thyferny/git/mqa/solr-5.3.0/contrib/extraction/lib/tagsoup-1.2.1.jar' to classloader
12184 INFO  (coreLoadExecutor-6-thread-1) [   ] o.a.s.c.SolrResourceLoader Adding 'file:/C:/Users/thyferny/git/mqa/solr-5.3.0/contrib/extraction/lib/tika-core-1.7.jar' to classloader
12184 INFO  (coreLoadExecutor-6-thread-1) [   ] o.a.s.c.SolrResourceLoader Adding 'file:/C:/Users/thyferny/git/mqa/solr-5.3.0/contrib/extraction/lib/tika-java7-1.7.jar' to classloader
12184 INFO  (coreLoadExecutor-6-thread-1) [   ] o.a.s.c.SolrResourceLoader Adding 'file:/C:/Users/thyferny/git/mqa/solr-5.3.0/contrib/extraction/lib/tika-parsers-1.7.jar' to classloader
12185 INFO  (coreLoadExecutor-6-thread-1) [   ] o.a.s.c.SolrResourceLoader Adding 'file:/C:/Users/thyferny/git/mqa/solr-5.3.0/contrib/extraction/lib/tika-xmp-1.7.jar' to classloader
12185 INFO  (coreLoadExecutor-6-thread-1) [   ] o.a.s.c.SolrResourceLoader Adding 'file:/C:/Users/thyferny/git/mqa/solr-5.3.0/contrib/extraction/lib/vorbis-java-core-0.6.jar' to classloader
12186 INFO  (coreLoadExecutor-6-thread-1) [   ] o.a.s.c.SolrResourceLoader Adding 'file:/C:/Users/thyferny/git/mqa/solr-5.3.0/contrib/extraction/lib/vorbis-java-tika-0.6.jar' to classloader
12186 INFO  (coreLoadExecutor-6-thread-1) [   ] o.a.s.c.SolrResourceLoader Adding 'file:/C:/Users/thyferny/git/mqa/solr-5.3.0/contrib/extraction/lib/xercesImpl-2.9.1.jar' to classloader
12187 INFO  (coreLoadExecutor-6-thread-1) [   ] o.a.s.c.SolrResourceLoader Adding 'file:/C:/Users/thyferny/git/mqa/solr-5.3.0/contrib/extraction/lib/xmlbeans-2.6.0.jar' to classloader
12187 INFO  (coreLoadExecutor-6-thread-1) [   ] o.a.s.c.SolrResourceLoader Adding 'file:/C:/Users/thyferny/git/mqa/solr-5.3.0/contrib/extraction/lib/xmpcore-5.1.2.jar' to classloader
12189 INFO  (coreLoadExecutor-6-thread-1) [   ] o.a.s.c.SolrResourceLoader Adding 'file:/C:/Users/thyferny/git/mqa/solr-5.3.0/contrib/extraction/lib/xz-1.5.jar' to classloader
12199 INFO  (coreLoadExecutor-6-thread-1) [   ] o.a.s.c.SolrResourceLoader Adding 'file:/C:/Users/thyferny/git/mqa/solr-5.3.0/dist/solr-cell-5.3.0.jar' to classloader
12204 INFO  (coreLoadExecutor-6-thread-1) [   ] o.a.s.c.SolrResourceLoader Adding 'file:/C:/Users/thyferny/git/mqa/solr-5.3.0/contrib/clustering/lib/attributes-binder-1.2.1.jar' to classloader
12205 INFO  (coreLoadExecutor-6-thread-1) [   ] o.a.s.c.SolrResourceLoader Adding 'file:/C:/Users/thyferny/git/mqa/solr-5.3.0/contrib/clustering/lib/carrot2-mini-3.9.0.jar' to classloader
12206 INFO  (coreLoadExecutor-6-thread-1) [   ] o.a.s.c.SolrResourceLoader Adding 'file:/C:/Users/thyferny/git/mqa/solr-5.3.0/contrib/clustering/lib/hppc-0.5.2.jar' to classloader
12208 INFO  (coreLoadExecutor-6-thread-1) [   ] o.a.s.c.SolrResourceLoader Adding 'file:/C:/Users/thyferny/git/mqa/solr-5.3.0/contrib/clustering/lib/jackson-core-asl-1.9.13.jar' to classloader
12210 INFO  (coreLoadExecutor-6-thread-1) [   ] o.a.s.c.SolrResourceLoader Adding 'file:/C:/Users/thyferny/git/mqa/solr-5.3.0/contrib/clustering/lib/jackson-mapper-asl-1.9.13.jar' to classloader
12227 INFO  (coreLoadExecutor-6-thread-1) [   ] o.a.s.c.SolrResourceLoader Adding 'file:/C:/Users/thyferny/git/mqa/solr-5.3.0/contrib/clustering/lib/mahout-collections-1.0.jar' to classloader
12228 INFO  (coreLoadExecutor-6-thread-1) [   ] o.a.s.c.SolrResourceLoader Adding 'file:/C:/Users/thyferny/git/mqa/solr-5.3.0/contrib/clustering/lib/mahout-math-0.6.jar' to classloader
12230 INFO  (coreLoadExecutor-6-thread-1) [   ] o.a.s.c.SolrResourceLoader Adding 'file:/C:/Users/thyferny/git/mqa/solr-5.3.0/contrib/clustering/lib/simple-xml-2.7.jar' to classloader
12233 INFO  (coreLoadExecutor-6-thread-1) [   ] o.a.s.c.SolrResourceLoader Adding 'file:/C:/Users/thyferny/git/mqa/solr-5.3.0/dist/solr-clustering-5.3.0.jar' to classloader
12246 INFO  (coreLoadExecutor-6-thread-1) [   ] o.a.s.c.SolrResourceLoader Adding 'file:/C:/Users/thyferny/git/mqa/solr-5.3.0/contrib/langid/lib/jsonic-1.2.7.jar' to classloader
12248 INFO  (coreLoadExecutor-6-thread-1) [   ] o.a.s.c.SolrResourceLoader Adding 'file:/C:/Users/thyferny/git/mqa/solr-5.3.0/contrib/langid/lib/langdetect-1.1-20120112.jar' to classloader
12252 INFO  (coreLoadExecutor-6-thread-1) [   ] o.a.s.c.SolrResourceLoader Adding 'file:/C:/Users/thyferny/git/mqa/solr-5.3.0/dist/solr-langid-5.3.0.jar' to classloader
12295 INFO  (coreLoadExecutor-6-thread-1) [   ] o.a.s.c.SolrResourceLoader Adding 'file:/C:/Users/thyferny/git/mqa/solr-5.3.0/contrib/velocity/lib/commons-beanutils-1.8.3.jar' to classloader
12309 INFO  (coreLoadExecutor-6-thread-1) [   ] o.a.s.c.SolrResourceLoader Adding 'file:/C:/Users/thyferny/git/mqa/solr-5.3.0/contrib/velocity/lib/commons-collections-3.2.1.jar' to classloader
12310 INFO  (coreLoadExecutor-6-thread-1) [   ] o.a.s.c.SolrResourceLoader Adding 'file:/C:/Users/thyferny/git/mqa/solr-5.3.0/contrib/velocity/lib/velocity-1.7.jar' to classloader
12311 INFO  (coreLoadExecutor-6-thread-1) [   ] o.a.s.c.SolrResourceLoader Adding 'file:/C:/Users/thyferny/git/mqa/solr-5.3.0/contrib/velocity/lib/velocity-tools-2.0.jar' to classloader
12313 INFO  (coreLoadExecutor-6-thread-1) [   ] o.a.s.c.SolrResourceLoader Adding 'file:/C:/Users/thyferny/git/mqa/solr-5.3.0/dist/solr-velocity-5.3.0.jar' to classloader
12315 INFO  (main) [   ] o.e.j.s.ServerConnector Started ServerConnector@4b013c76{HTTP/1.1}{0.0.0.0:8983}
12315 INFO  (main) [   ] o.e.j.s.Server Started @13320ms
12746 INFO  (qtp429313384-15) [   ] o.a.s.s.SolrDispatchFilter [admin] webapp=null path=/admin/info/system params={wt=json} status=0 QTime=99 
12773 INFO  (coreLoadExecutor-6-thread-1) [   ] o.a.s.u.SolrIndexConfig IndexWriter infoStream solr logging is enabled
12794 INFO  (coreLoadExecutor-6-thread-1) [   ] o.a.s.c.SolrConfig Using Lucene MatchVersion: 5.3.0
13098 INFO  (coreLoadExecutor-6-thread-1) [   ] o.a.s.c.Config Loaded SolrConfig: solrconfig.xml
13117 INFO  (coreLoadExecutor-6-thread-1) [   ] o.a.s.s.IndexSchema Reading Solr Schema from C:\Users\thyferny\git\mqa\solr-5.3.0\server\solr\solr-qa\conf\schema.xml
13241 INFO  (coreLoadExecutor-6-thread-1) [   ] o.a.s.s.IndexSchema [solr-qa] Schema name=example
14090 INFO  (coreLoadExecutor-6-thread-1) [   ] o.a.s.s.IndexSchema unique key field: id
14110 INFO  (coreLoadExecutor-6-thread-1) [   ] o.a.s.r.RestManager Registered ManagedResource impl org.apache.solr.rest.schema.analysis.ManagedWordSetResource for path /schema/analysis/stopwords/english
14112 INFO  (coreLoadExecutor-6-thread-1) [   ] o.a.s.r.RestManager Registered ManagedResource impl org.apache.solr.rest.schema.analysis.ManagedSynonymFilterFactory$SynonymManager for path /schema/analysis/synonyms/english
14244 INFO  (coreLoadExecutor-6-thread-1) [   ] o.a.s.s.FileExchangeRateProvider Reloading exchange rates from file currency.xml
14250 INFO  (coreLoadExecutor-6-thread-1) [   ] o.a.s.s.FileExchangeRateProvider Reloading exchange rates from file currency.xml
14477 INFO  (coreLoadExecutor-6-thread-1) [   ] o.a.s.c.ConfigSetProperties Did not find ConfigSet properties, assuming default properties: Can't find resource 'configsetprops.json' in classpath or 'C:\Users\thyferny\git\mqa\solr-5.3.0\server\solr\solr-qa\conf'
14478 INFO  (coreLoadExecutor-6-thread-1) [   ] o.a.s.c.CoreContainer Creating SolrCore 'solr-qa' using configuration from instancedir C:\Users\thyferny\git\mqa\solr-5.3.0\server\solr\solr-qa\
14480 INFO  (coreLoadExecutor-6-thread-1) [   x:solr-qa] o.a.s.c.SolrCore solr.NRTCachingDirectoryFactory
14522 INFO  (coreLoadExecutor-6-thread-1) [   x:solr-qa] o.a.s.c.SolrCore [[solr-qa] ] Opening new SolrCore at [C:\Users\thyferny\git\mqa\solr-5.3.0\server\solr\solr-qa\], dataDir=[null]
14526 INFO  (coreLoadExecutor-6-thread-1) [   x:solr-qa] o.a.s.c.JmxMonitoredMap No JMX servers found, not exposing Solr information with JMX.
14533 INFO  (coreLoadExecutor-6-thread-1) [   x:solr-qa] o.a.s.c.SolrCore [[solr-qa] ] Added SolrEventListener for newSearcher: [org.apache.solr.core.QuerySenderListener{queries=[]}]
14533 INFO  (coreLoadExecutor-6-thread-1) [   x:solr-qa] o.a.s.c.SolrCore [[solr-qa] ] Added SolrEventListener for firstSearcher: [org.apache.solr.core.QuerySenderListener{queries=[{q=static firstSearcher warming in solrconfig.xml}]}]
14557 INFO  (coreLoadExecutor-6-thread-1) [   x:solr-qa] o.a.s.c.CachingDirectoryFactory return new directory for C:\Users\thyferny\git\mqa\solr-5.3.0\server\solr\solr-qa\data
14558 INFO  (coreLoadExecutor-6-thread-1) [   x:solr-qa] o.a.s.c.SolrCore New index directory detected: old=null new=C:\Users\thyferny\git\mqa\solr-5.3.0\server\solr\solr-qa\data\index/
14561 INFO  (coreLoadExecutor-6-thread-1) [   x:solr-qa] o.a.s.c.CachingDirectoryFactory return new directory for C:\Users\thyferny\git\mqa\solr-5.3.0\server\solr\solr-qa\data\index
14606 INFO  (coreLoadExecutor-6-thread-1) [   x:solr-qa] o.a.s.c.PluginBag queryResponseWriter : 'velocity' created with startup=lazy 
14617 INFO  (OldIndexDirectoryCleanupThreadForCore-solr-qa) [   x:solr-qa] o.a.s.c.SolrCore Looking for old index directories to cleanup for core solr-qa in C:\Users\thyferny\git\mqa\solr-5.3.0\server\solr\solr-qa\data\
14618 INFO  (coreLoadExecutor-6-thread-1) [   x:solr-qa] o.a.s.r.XSLTResponseWriter xsltCacheLifetimeSeconds=5
14844 INFO  (coreLoadExecutor-6-thread-1) [   x:solr-qa] o.a.s.c.SolrCore no updateRequestProcessorChain defined as default, creating implicit default
14907 INFO  (coreLoadExecutor-6-thread-1) [   x:solr-qa] o.a.s.h.l.XMLLoader xsltCacheLifetimeSeconds=60
14913 INFO  (coreLoadExecutor-6-thread-1) [   x:solr-qa] o.a.s.h.l.XMLLoader xsltCacheLifetimeSeconds=60
14916 INFO  (coreLoadExecutor-6-thread-1) [   x:solr-qa] o.a.s.h.l.XMLLoader xsltCacheLifetimeSeconds=60
14918 INFO  (coreLoadExecutor-6-thread-1) [   x:solr-qa] o.a.s.h.l.XMLLoader xsltCacheLifetimeSeconds=60
24003 INFO  (coreLoadExecutor-6-thread-1) [   x:solr-qa] o.a.s.c.PluginBag requestHandler : '/update/extract' created with startup=lazy 
24003 INFO  (coreLoadExecutor-6-thread-1) [   x:solr-qa] o.a.s.c.PluginBag requestHandler : '/analysis/field' created with startup=lazy 
24003 INFO  (coreLoadExecutor-6-thread-1) [   x:solr-qa] o.a.s.c.PluginBag requestHandler : '/analysis/document' created with startup=lazy 
24007 INFO  (coreLoadExecutor-6-thread-1) [   x:solr-qa] o.a.s.c.PluginBag requestHandler : '/spell' created with startup=lazy 
24007 INFO  (coreLoadExecutor-6-thread-1) [   x:solr-qa] o.a.s.c.PluginBag requestHandler : '/suggest' created with startup=lazy 
24007 INFO  (coreLoadExecutor-6-thread-1) [   x:solr-qa] o.a.s.c.PluginBag requestHandler : '/tvrh' created with startup=lazy 
24007 INFO  (coreLoadExecutor-6-thread-1) [   x:solr-qa] o.a.s.c.PluginBag requestHandler : '/terms' created with startup=lazy 
24007 INFO  (coreLoadExecutor-6-thread-1) [   x:solr-qa] o.a.s.c.PluginBag requestHandler : '/elevate' created with startup=lazy 
24008 INFO  (coreLoadExecutor-6-thread-1) [   x:solr-qa] o.a.s.c.RequestHandlers Registered paths: /admin/mbeans,/browse,/update/json/docs,/admin/luke,/export,/get,/admin/properties,/elevate,/update/json,/admin/threads,/query,/analysis/field,/analysis/document,/spell,/update/csv,/tvrh,/select,/admin/segments,/admin/system,/suggest,/replication,/config,/stream,/schema,/admin/plugins,/admin/logging,/admin/ping,/update,/admin/file,/debug/dump,/terms,/update/extract
24017 INFO  (coreLoadExecutor-6-thread-1) [   x:solr-qa] o.a.s.c.SolrCore Using default statsCache cache: org.apache.solr.search.stats.LocalStatsCache
24040 INFO  (coreLoadExecutor-6-thread-1) [   x:solr-qa] o.a.s.u.UpdateHandler Using UpdateLog implementation: org.apache.solr.update.UpdateLog
24040 INFO  (coreLoadExecutor-6-thread-1) [   x:solr-qa] o.a.s.u.UpdateLog Initializing UpdateLog: dataDir= defaultSyncLevel=FLUSH numRecordsToKeep=100 maxNumLogsToKeep=10 numVersionBuckets=65536
24080 INFO  (coreLoadExecutor-6-thread-1) [   x:solr-qa] o.a.s.c.SolrCore Hard AutoCommit: if uncommited for 15000ms; 
24083 INFO  (coreLoadExecutor-6-thread-1) [   x:solr-qa] o.a.s.c.SolrCore Soft AutoCommit: disabled
24203 INFO  (coreLoadExecutor-6-thread-1) [   x:solr-qa] o.a.s.c.SolrCore SolrDeletionPolicy.onInit: commits: num=1
	commit{dir=NRTCachingDirectory(MMapDirectory@C:\Users\thyferny\git\mqa\solr-5.3.0\server\solr\solr-qa\data\index lockFactory=org.apache.lucene.store.NativeFSLockFactory@508849a5; maxCacheMB=48.0 maxMergeSizeMB=4.0),segFN=segments_2,generation=2}
24203 INFO  (coreLoadExecutor-6-thread-1) [   x:solr-qa] o.a.s.c.SolrCore newest commit generation = 2
24511 INFO  (coreLoadExecutor-6-thread-1) [   x:solr-qa] o.a.s.s.SolrIndexSearcher Opening Searcher@2e5f71d[solr-qa] main
24527 INFO  (coreLoadExecutor-6-thread-1) [   x:solr-qa] o.a.s.r.ManagedResourceStorage File-based storage initialized to use dir: C:\Users\thyferny\git\mqa\solr-5.3.0\server\solr\solr-qa\conf
24527 INFO  (coreLoadExecutor-6-thread-1) [   x:solr-qa] o.a.s.r.RestManager Initializing RestManager with initArgs: {storageDir=C:\Users\thyferny\git\mqa\solr-5.3.0\server\solr\solr-qa\conf}
24529 INFO  (coreLoadExecutor-6-thread-1) [   x:solr-qa] o.a.s.r.ManagedResourceStorage Reading _rest_managed.json using file:dir=C:\Users\thyferny\git\mqa\solr-5.3.0\server\solr\solr-qa\conf
24532 INFO  (coreLoadExecutor-6-thread-1) [   x:solr-qa] o.a.s.r.ManagedResourceStorage Loaded LinkedHashMap at path _rest_managed.json using file:dir=C:\Users\thyferny\git\mqa\solr-5.3.0\server\solr\solr-qa\conf
24532 INFO  (coreLoadExecutor-6-thread-1) [   x:solr-qa] o.a.s.r.ManagedResource Loaded initArgs {} for /rest/managed
24533 INFO  (coreLoadExecutor-6-thread-1) [   x:solr-qa] o.a.s.r.RestManager Initializing 2 registered ManagedResources
24533 INFO  (coreLoadExecutor-6-thread-1) [   x:solr-qa] o.a.s.r.ManagedResourceStorage Reading _schema_analysis_stopwords_english.json using file:dir=C:\Users\thyferny\git\mqa\solr-5.3.0\server\solr\solr-qa\conf
24535 INFO  (coreLoadExecutor-6-thread-1) [   x:solr-qa] o.a.s.r.ManagedResourceStorage Loaded LinkedHashMap at path _schema_analysis_stopwords_english.json using file:dir=C:\Users\thyferny\git\mqa\solr-5.3.0\server\solr\solr-qa\conf
24536 INFO  (coreLoadExecutor-6-thread-1) [   x:solr-qa] o.a.s.r.ManagedResource Loaded initArgs {ignoreCase=true} for /schema/analysis/stopwords/english
24536 INFO  (coreLoadExecutor-6-thread-1) [   x:solr-qa] o.a.s.r.ManagedResource Loaded 35 words for /schema/analysis/stopwords/english
24536 INFO  (coreLoadExecutor-6-thread-1) [   x:solr-qa] o.a.s.r.ManagedResource Notified 1 observers of /schema/analysis/stopwords/english
24537 INFO  (coreLoadExecutor-6-thread-1) [   x:solr-qa] o.a.s.r.ManagedResourceStorage Reading _schema_analysis_synonyms_english.json using file:dir=C:\Users\thyferny\git\mqa\solr-5.3.0\server\solr\solr-qa\conf
24538 INFO  (coreLoadExecutor-6-thread-1) [   x:solr-qa] o.a.s.r.ManagedResourceStorage Loaded LinkedHashMap at path _schema_analysis_synonyms_english.json using file:dir=C:\Users\thyferny\git\mqa\solr-5.3.0\server\solr\solr-qa\conf
24538 INFO  (coreLoadExecutor-6-thread-1) [   x:solr-qa] o.a.s.r.ManagedResource Loaded initArgs {ignoreCase=true,format=solr} for /schema/analysis/synonyms/english
24539 INFO  (coreLoadExecutor-6-thread-1) [   x:solr-qa] o.a.s.r.ManagedResource Loaded 3 synonym mappings for /schema/analysis/synonyms/english
24560 INFO  (coreLoadExecutor-6-thread-1) [   x:solr-qa] o.a.s.r.ManagedResource Notified 1 observers of /schema/analysis/synonyms/english
24585 INFO  (coreLoadExecutor-6-thread-1) [   x:solr-qa] o.a.s.h.c.SpellCheckComponent Initializing spell checkers
24610 INFO  (coreLoadExecutor-6-thread-1) [   x:solr-qa] o.a.s.s.DirectSolrSpellChecker init: {name=default,field=text,classname=solr.DirectSolrSpellChecker,distanceMeasure=internal,accuracy=0.5,maxEdits=2,minPrefix=1,maxInspections=5,minQueryLength=4,maxQueryFrequency=0.01}
24637 INFO  (coreLoadExecutor-6-thread-1) [   x:solr-qa] o.a.s.h.c.SpellCheckComponent No queryConverter defined, using default converter
24643 INFO  (coreLoadExecutor-6-thread-1) [   x:solr-qa] o.a.s.h.c.SuggestComponent Initializing SuggestComponent
24650 INFO  (coreLoadExecutor-6-thread-1) [   x:solr-qa] o.a.s.s.s.SolrSuggester init: {name=mySuggester,lookupImpl=FuzzyLookupFactory,dictionaryImpl=DocumentDictionaryFactory,field=cat,weightField=price,suggestAnalyzerFieldType=string,buildOnStartup=false}
24747 INFO  (coreLoadExecutor-6-thread-1) [   x:solr-qa] o.a.s.s.s.SolrSuggester Dictionary loaded with params: {name=mySuggester,lookupImpl=FuzzyLookupFactory,dictionaryImpl=DocumentDictionaryFactory,field=cat,weightField=price,suggestAnalyzerFieldType=string,buildOnStartup=false}
24752 INFO  (coreLoadExecutor-6-thread-1) [   x:solr-qa] o.a.s.h.c.QueryElevationComponent Loading QueryElevation from: C:\Users\thyferny\git\mqa\solr-5.3.0\server\solr\solr-qa\conf\elevate.xml
24819 INFO  (coreLoadExecutor-6-thread-1) [   x:solr-qa] o.a.s.h.ReplicationHandler Commits will be reserved for  10000
24845 INFO  (coreLoadExecutor-6-thread-1) [   x:solr-qa] o.a.s.u.UpdateLog Looking up max value of version field to seed version buckets
24849 INFO  (coreLoadExecutor-6-thread-1) [   x:solr-qa] o.a.s.u.VersionInfo Refreshing highest value of _version_ for 65536 version buckets from index
24859 INFO  (searcherExecutor-7-thread-1-processing-x:solr-qa) [   x:solr-qa] o.a.s.c.SolrCore QuerySenderListener sending requests to Searcher@2e5f71d[solr-qa] main{ExitableDirectoryReader(UninvertingDirectoryReader(Uninverting(_0(5.3.0):C1601)))}
24895 INFO  (coreLoadExecutor-6-thread-1) [   x:solr-qa] o.a.s.u.VersionInfo Found MAX value 1512279324153085952 from Terms for _version_ in index
24906 INFO  (coreLoadExecutor-6-thread-1) [   x:solr-qa] o.a.s.u.UpdateLog Took 61 ms to seed version buckets with highest version 1512279324153085952
24908 INFO  (coreLoadExecutor-6-thread-1) [   x:solr-qa] o.a.s.c.CoreContainer registering core: solr-qa
24992 INFO  (searcherExecutor-7-thread-1-processing-x:solr-qa) [   x:solr-qa] o.a.s.c.S.Request [solr-qa] webapp=null path=null params={q=static+firstSearcher+warming+in+solrconfig.xml&distrib=false&event=firstSearcher} hits=0 status=0 QTime=121 
24996 INFO  (searcherExecutor-7-thread-1-processing-x:solr-qa) [   x:solr-qa] o.a.s.c.SolrCore QuerySenderListener done.
24996 INFO  (searcherExecutor-7-thread-1-processing-x:solr-qa) [   x:solr-qa] o.a.s.h.c.SpellCheckComponent Loading spell index for spellchecker: default
24997 INFO  (searcherExecutor-7-thread-1-processing-x:solr-qa) [   x:solr-qa] o.a.s.h.c.SpellCheckComponent Loading spell index for spellchecker: wordbreak
24999 INFO  (searcherExecutor-7-thread-1-processing-x:solr-qa) [   x:solr-qa] o.a.s.c.SolrCore [solr-qa] Registered new searcher Searcher@2e5f71d[solr-qa] main{ExitableDirectoryReader(UninvertingDirectoryReader(Uninverting(_0(5.3.0):C1601)))}
74060 INFO  (qtp429313384-22) [   x:solr-qa] o.a.s.c.S.Request [solr-qa] webapp=/solr path=/select params={hl.snippets=1&q=ÂÎËõ+and+ÔË¶¯+and+¾çÁÒ&hl=true&hl.simple.post=</font>&fl=name,symptom,pathogeny,treatment,other&start=0&hl.fragsize=1000&hl.fl=title&rows=10&wt=javabin&version=2&hl.simple.pre=<font+color%3D"red">} hits=900 status=0 QTime=105 
101243 INFO  (qtp429313384-15) [   x:solr-qa] o.a.s.c.S.Request [solr-qa] webapp=/solr path=/select params={hl.snippets=1&q=Å»ÍÂ+and+¶ñÐÄ&hl=true&hl.simple.post=</font>&fl=name,symptom,pathogeny,treatment,other&start=0&hl.fragsize=1000&hl.fl=title&rows=10&wt=javabin&version=2&hl.simple.pre=<font+color%3D"red">} hits=809 status=0 QTime=28 
118154 INFO  (qtp429313384-22) [   x:solr-qa] o.a.s.c.S.Request [solr-qa] webapp=/solr path=/select params={hl.snippets=1&q=Å»ÍÂ+and+¶ñÐÄ&hl=true&hl.simple.post=</font>&fl=name,symptom,pathogeny,treatment,other&start=0&hl.fragsize=1000&hl.fl=title&rows=10&wt=javabin&version=2&hl.simple.pre=<font+color%3D"red">} hits=809 status=0 QTime=2 
142137 INFO  (qtp429313384-22) [   x:solr-qa] o.a.s.c.S.Request [solr-qa] webapp=/solr path=/select params={hl.snippets=1&q=Å»ÍÂ+and+¶ñÐÄ&hl=true&hl.simple.post=</font>&fl=name,symptom,pathogeny,treatment,other&start=0&hl.fragsize=1000&hl.fl=title&rows=10&wt=javabin&version=2&hl.simple.pre=<font+color%3D"red">} hits=809 status=0 QTime=2 
571262 INFO  (qtp429313384-15) [   x:solr-qa] o.a.s.c.S.Request [solr-qa] webapp=/solr path=/select params={hl.snippets=1&q=Å»ÍÂ+and+¶ñÐÄ&hl=true&hl.simple.post=</font>&fl=name,symptom,pathogeny,treatment,other&start=0&hl.fragsize=1000&hl.fl=title&rows=10&wt=javabin&version=2&hl.simple.pre=<font+color%3D"red">} hits=809 status=0 QTime=21 
1122509 INFO  (qtp429313384-18) [   x:solr-qa] o.a.s.c.S.Request [solr-qa] webapp=/solr path=/select params={hl.snippets=1&q=Å»ÍÂ+and+¶ñÐÄ&hl=true&hl.simple.post=</font>&fl=name,symptom,pathogeny,treatment,other&start=0&hl.fragsize=1000&hl.fl=title&rows=10&wt=javabin&version=2&hl.simple.pre=<font+color%3D"red">} hits=809 status=0 QTime=41 
1142022 INFO  (qtp429313384-18) [   x:solr-qa] o.a.s.c.S.Request [solr-qa] webapp=/solr path=/select params={hl.snippets=1&q=Å»ÍÂ+and+¶ñÐÄ&hl=true&hl.simple.post=</font>&fl=name,symptom,pathogeny,treatment,other&start=0&hl.fragsize=1000&hl.fl=title&rows=10&wt=javabin&version=2&hl.simple.pre=<font+color%3D"red">} hits=809 status=0 QTime=3 
