Java HotSpot(TM) 64-Bit Server VM (25.45-b02) for windows-amd64 JRE (1.8.0_45-b15), built on Apr 30 2015 12:40:44 by "java_re" with MS VC++ 10.0 (VS2010)
Memory: 4k page, physical 5884020k(599328k free), swap 14272628k(4955800k free)
CommandLine flags: -XX:CMSInitiatingOccupancyFraction=50 -XX:CMSMaxAbortablePrecleanTime=6000 -XX:+CMSParallelRemarkEnabled -XX:+CMSScavengeBeforeRemark -XX:ConcGCThreads=4 -XX:InitialHeapSize=536870912 -XX:MaxHeapSize=536870912 -XX:MaxTenuringThreshold=8 -XX:NewRatio=3 -XX:OldPLABSize=16 -XX:ParallelGCThreads=4 -XX:+ParallelRefProcEnabled -XX:PretenureSizeThreshold=67108864 -XX:+PrintGC -XX:+PrintGCApplicationStoppedTime -XX:+PrintGCDateStamps -XX:+PrintGCDetails -XX:+PrintGCTimeStamps -XX:+PrintHeapAtGC -XX:+PrintTenuringDistribution -XX:SurvivorRatio=4 -XX:TargetSurvivorRatio=90 -XX:ThreadStackSize=256 -XX:+UseCMSInitiatingOccupancyOnly -XX:+UseCompressedClassPointers -XX:+UseCompressedOops -XX:+UseConcMarkSweepGC -XX:-UseLargePagesIndividualAllocation -XX:+UseParNewGC 
2015-09-24T09:51:26.018+0800: 0.378: Total time for which application threads were stopped: 0.0012351 seconds, Stopping threads took: 0.0000213 seconds
2015-09-24T09:51:26.655+0800: 1.015: Total time for which application threads were stopped: 0.0002471 seconds, Stopping threads took: 0.0000387 seconds
2015-09-24T09:51:26.717+0800: 1.077: Total time for which application threads were stopped: 0.0001859 seconds, Stopping threads took: 0.0000521 seconds
2015-09-24T09:51:27.130+0800: 1.490: Total time for which application threads were stopped: 0.0001993 seconds, Stopping threads took: 0.0000434 seconds
2015-09-24T09:51:27.220+0800: 1.580: Total time for which application threads were stopped: 0.0001721 seconds, Stopping threads took: 0.0000201 seconds
2015-09-24T09:51:27.256+0800: 1.616: Total time for which application threads were stopped: 0.0002214 seconds, Stopping threads took: 0.0000296 seconds
2015-09-24T09:51:27.280+0800: 1.640: Total time for which application threads were stopped: 0.0001828 seconds, Stopping threads took: 0.0000280 seconds
{Heap before GC invocations=0 (full 0):
 par new generation   total 109248K, used 87424K [0x00000000e0000000, 0x00000000e8000000, 0x00000000e8000000)
  eden space 87424K, 100% used [0x00000000e0000000, 0x00000000e5560000, 0x00000000e5560000)
  from space 21824K,   0% used [0x00000000e5560000, 0x00000000e5560000, 0x00000000e6ab0000)
  to   space 21824K,   0% used [0x00000000e6ab0000, 0x00000000e6ab0000, 0x00000000e8000000)
 concurrent mark-sweep generation total 393216K, used 0K [0x00000000e8000000, 0x0000000100000000, 0x0000000100000000)
 Metaspace       used 10178K, capacity 10392K, committed 10496K, reserved 1058816K
  class space    used 1161K, capacity 1212K, committed 1280K, reserved 1048576K
2015-09-24T09:51:28.205+0800: 2.566: [GC (Allocation Failure) 2.566: [ParNew
Desired survivor size 20112992 bytes, new threshold 8 (max 8)
- age   1:    5943072 bytes,    5943072 total
: 87424K->5868K(109248K), 0.0078419 secs] 87424K->5868K(502464K), 0.0080566 secs] [Times: user=0.05 sys=0.02, real=0.01 secs] 
Heap after GC invocations=1 (full 0):
 par new generation   total 109248K, used 5868K [0x00000000e0000000, 0x00000000e8000000, 0x00000000e8000000)
  eden space 87424K,   0% used [0x00000000e0000000, 0x00000000e0000000, 0x00000000e5560000)
  from space 21824K,  26% used [0x00000000e6ab0000, 0x00000000e706b308, 0x00000000e8000000)
  to   space 21824K,   0% used [0x00000000e5560000, 0x00000000e5560000, 0x00000000e6ab0000)
 concurrent mark-sweep generation total 393216K, used 0K [0x00000000e8000000, 0x0000000100000000, 0x0000000100000000)
 Metaspace       used 10178K, capacity 10392K, committed 10496K, reserved 1058816K
  class space    used 1161K, capacity 1212K, committed 1280K, reserved 1048576K
}
2015-09-24T09:51:28.214+0800: 2.574: Total time for which application threads were stopped: 0.0083274 seconds, Stopping threads took: 0.0000257 seconds
2015-09-24T09:51:28.567+0800: 2.927: Total time for which application threads were stopped: 0.0002688 seconds, Stopping threads took: 0.0000257 seconds
2015-09-24T09:51:29.223+0800: 3.584: Total time for which application threads were stopped: 0.0002491 seconds, Stopping threads took: 0.0000233 seconds
2015-09-24T09:51:29.226+0800: 3.586: Total time for which application threads were stopped: 0.0002218 seconds, Stopping threads took: 0.0000205 seconds
2015-09-24T09:51:29.232+0800: 3.592: Total time for which application threads were stopped: 0.0002045 seconds, Stopping threads took: 0.0000233 seconds
2015-09-24T09:51:29.818+0800: 4.179: Total time for which application threads were stopped: 0.0002664 seconds, Stopping threads took: 0.0000237 seconds
2015-09-24T09:51:38.647+0800: 13.008: Total time for which application threads were stopped: 0.0001133 seconds, Stopping threads took: 0.0000280 seconds
2015-09-24T09:51:38.677+0800: 13.037: Total time for which application threads were stopped: 0.0003742 seconds, Stopping threads took: 0.0000371 seconds
2015-09-24T09:51:38.777+0800: 13.137: Total time for which application threads were stopped: 0.0002376 seconds, Stopping threads took: 0.0000343 seconds
{Heap before GC invocations=1 (full 0):
 par new generation   total 109248K, used 93292K [0x00000000e0000000, 0x00000000e8000000, 0x00000000e8000000)
  eden space 87424K, 100% used [0x00000000e0000000, 0x00000000e5560000, 0x00000000e5560000)
  from space 21824K,  26% used [0x00000000e6ab0000, 0x00000000e706b308, 0x00000000e8000000)
  to   space 21824K,   0% used [0x00000000e5560000, 0x00000000e5560000, 0x00000000e6ab0000)
 concurrent mark-sweep generation total 393216K, used 0K [0x00000000e8000000, 0x0000000100000000, 0x0000000100000000)
 Metaspace       used 19215K, capacity 19470K, committed 19584K, reserved 1067008K
  class space    used 2265K, capacity 2401K, committed 2432K, reserved 1048576K
2015-09-24T09:51:38.856+0800: 13.216: [GC (Allocation Failure) 13.216: [ParNew
Desired survivor size 20112992 bytes, new threshold 8 (max 8)
- age   1:    8336256 bytes,    8336256 total
- age   2:    3141640 bytes,   11477896 total
: 93292K->12957K(109248K), 0.0116188 secs] 93292K->12957K(502464K), 0.0117869 secs] [Times: user=0.02 sys=0.03, real=0.01 secs] 
Heap after GC invocations=2 (full 0):
 par new generation   total 109248K, used 12957K [0x00000000e0000000, 0x00000000e8000000, 0x00000000e8000000)
  eden space 87424K,   0% used [0x00000000e0000000, 0x00000000e0000000, 0x00000000e5560000)
  from space 21824K,  59% used [0x00000000e5560000, 0x00000000e6207550, 0x00000000e6ab0000)
  to   space 21824K,   0% used [0x00000000e6ab0000, 0x00000000e6ab0000, 0x00000000e8000000)
 concurrent mark-sweep generation total 393216K, used 0K [0x00000000e8000000, 0x0000000100000000, 0x0000000100000000)
 Metaspace       used 19215K, capacity 19470K, committed 19584K, reserved 1067008K
  class space    used 2265K, capacity 2401K, committed 2432K, reserved 1048576K
}
2015-09-24T09:51:38.868+0800: 13.228: Total time for which application threads were stopped: 0.0121102 seconds, Stopping threads took: 0.0000379 seconds
2015-09-24T09:51:38.871+0800: 13.231: Total time for which application threads were stopped: 0.0003134 seconds, Stopping threads took: 0.0002337 seconds
2015-09-24T09:51:38.872+0800: 13.232: Total time for which application threads were stopped: 0.0001366 seconds, Stopping threads took: 0.0000375 seconds
2015-09-24T09:51:38.961+0800: 13.322: Total time for which application threads were stopped: 0.0001567 seconds, Stopping threads took: 0.0000943 seconds
2015-09-24T09:51:38.961+0800: 13.322: Total time for which application threads were stopped: 0.0000407 seconds, Stopping threads took: 0.0000111 seconds
2015-09-24T09:51:39.025+0800: 13.386: Total time for which application threads were stopped: 0.0000995 seconds, Stopping threads took: 0.0000328 seconds
2015-09-24T09:51:39.026+0800: 13.386: Total time for which application threads were stopped: 0.0000892 seconds, Stopping threads took: 0.0000280 seconds
2015-09-24T09:51:39.032+0800: 13.393: Total time for which application threads were stopped: 0.0000975 seconds, Stopping threads took: 0.0000276 seconds
2015-09-24T09:51:39.152+0800: 13.512: Total time for which application threads were stopped: 0.0732620 seconds, Stopping threads took: 0.0731168 seconds
2015-09-24T09:51:39.152+0800: 13.512: Total time for which application threads were stopped: 0.0000782 seconds, Stopping threads took: 0.0000272 seconds
2015-09-24T09:51:39.152+0800: 13.512: Total time for which application threads were stopped: 0.0000703 seconds, Stopping threads took: 0.0000245 seconds
2015-09-24T09:51:39.154+0800: 13.514: Total time for which application threads were stopped: 0.0004547 seconds, Stopping threads took: 0.0000276 seconds
2015-09-24T09:51:39.182+0800: 13.543: Total time for which application threads were stopped: 0.0001089 seconds, Stopping threads took: 0.0000343 seconds
2015-09-24T09:51:39.182+0800: 13.543: Total time for which application threads were stopped: 0.0000553 seconds, Stopping threads took: 0.0000170 seconds
2015-09-24T09:51:39.188+0800: 13.549: Total time for which application threads were stopped: 0.0001066 seconds, Stopping threads took: 0.0000328 seconds
2015-09-24T09:51:39.241+0800: 13.602: Total time for which application threads were stopped: 0.0007330 seconds, Stopping threads took: 0.0003387 seconds
2015-09-24T09:51:39.266+0800: 13.626: Total time for which application threads were stopped: 0.0001587 seconds, Stopping threads took: 0.0000738 seconds
2015-09-24T09:51:39.419+0800: 13.781: Total time for which application threads were stopped: 0.0003726 seconds, Stopping threads took: 0.0000407 seconds
2015-09-24T09:51:39.482+0800: 13.842: Total time for which application threads were stopped: 0.0001437 seconds, Stopping threads took: 0.0000379 seconds
2015-09-24T09:51:39.484+0800: 13.844: Total time for which application threads were stopped: 0.0002913 seconds, Stopping threads took: 0.0001464 seconds
2015-09-24T09:51:39.486+0800: 13.846: Total time for which application threads were stopped: 0.0000912 seconds, Stopping threads took: 0.0000300 seconds
2015-09-24T09:51:39.518+0800: 13.878: Total time for which application threads were stopped: 0.0001097 seconds, Stopping threads took: 0.0000264 seconds
2015-09-24T09:51:39.567+0800: 13.927: Total time for which application threads were stopped: 0.0003497 seconds, Stopping threads took: 0.0000280 seconds
2015-09-24T09:51:39.674+0800: 14.034: Total time for which application threads were stopped: 0.0004113 seconds, Stopping threads took: 0.0000458 seconds
2015-09-24T09:51:39.743+0800: 14.103: Total time for which application threads were stopped: 0.0001101 seconds, Stopping threads took: 0.0000320 seconds
2015-09-24T09:51:39.950+0800: 14.311: Total time for which application threads were stopped: 0.0001603 seconds, Stopping threads took: 0.0000264 seconds
{Heap before GC invocations=2 (full 0):
 par new generation   total 109248K, used 100381K [0x00000000e0000000, 0x00000000e8000000, 0x00000000e8000000)
  eden space 87424K, 100% used [0x00000000e0000000, 0x00000000e5560000, 0x00000000e5560000)
  from space 21824K,  59% used [0x00000000e5560000, 0x00000000e6207550, 0x00000000e6ab0000)
  to   space 21824K,   0% used [0x00000000e6ab0000, 0x00000000e6ab0000, 0x00000000e8000000)
 concurrent mark-sweep generation total 393216K, used 0K [0x00000000e8000000, 0x0000000100000000, 0x0000000100000000)
 Metaspace       used 21768K, capacity 22106K, committed 22292K, reserved 1069056K
  class space    used 2581K, capacity 2709K, committed 2764K, reserved 1048576K
2015-09-24T09:51:40.099+0800: 14.459: [GC (Allocation Failure) 14.459: [ParNew
Desired survivor size 20112992 bytes, new threshold 8 (max 8)
- age   1:    3565480 bytes,    3565480 total
- age   2:    2811880 bytes,    6377360 total
- age   3:    3075776 bytes,    9453136 total
: 100381K->13992K(109248K), 0.0096107 secs] 100381K->13992K(502464K), 0.0097145 secs] [Times: user=0.06 sys=0.00, real=0.01 secs] 
Heap after GC invocations=3 (full 0):
 par new generation   total 109248K, used 13992K [0x00000000e0000000, 0x00000000e8000000, 0x00000000e8000000)
  eden space 87424K,   0% used [0x00000000e0000000, 0x00000000e0000000, 0x00000000e5560000)
  from space 21824K,  64% used [0x00000000e6ab0000, 0x00000000e785a1b0, 0x00000000e8000000)
  to   space 21824K,   0% used [0x00000000e5560000, 0x00000000e5560000, 0x00000000e6ab0000)
 concurrent mark-sweep generation total 393216K, used 0K [0x00000000e8000000, 0x0000000100000000, 0x0000000100000000)
 Metaspace       used 21768K, capacity 22106K, committed 22292K, reserved 1069056K
  class space    used 2581K, capacity 2709K, committed 2764K, reserved 1048576K
}
2015-09-24T09:51:40.109+0800: 14.469: Total time for which application threads were stopped: 0.0099908 seconds, Stopping threads took: 0.0000450 seconds
2015-09-24T09:51:40.111+0800: 14.471: [GC (CMS Initial Mark) [1 CMS-initial-mark: 0K(393216K)] 14024K(502464K), 0.0032215 secs] [Times: user=0.00 sys=0.00, real=0.00 secs] 
2015-09-24T09:51:40.114+0800: 14.474: Total time for which application threads were stopped: 0.0034078 seconds, Stopping threads took: 0.0000533 seconds
2015-09-24T09:51:40.114+0800: 14.475: [CMS-concurrent-mark-start]
2015-09-24T09:51:40.114+0800: 14.475: [CMS-concurrent-mark: 0.000/0.000 secs] [Times: user=0.00 sys=0.00, real=0.00 secs] 
2015-09-24T09:51:40.114+0800: 14.475: [CMS-concurrent-preclean-start]
2015-09-24T09:51:40.116+0800: 14.476: [CMS-concurrent-preclean: 0.001/0.001 secs] [Times: user=0.00 sys=0.00, real=0.00 secs] 
2015-09-24T09:51:40.116+0800: 14.476: Total time for which application threads were stopped: 0.0001788 seconds, Stopping threads took: 0.0000987 seconds
2015-09-24T09:51:40.116+0800: 14.476: [GC (CMS Final Remark) [YG occupancy: 14737 K (109248 K)]{Heap before GC invocations=3 (full 1):
 par new generation   total 109248K, used 14737K [0x00000000e0000000, 0x00000000e8000000, 0x00000000e8000000)
  eden space 87424K,   0% used [0x00000000e0000000, 0x00000000e00ba318, 0x00000000e5560000)
  from space 21824K,  64% used [0x00000000e6ab0000, 0x00000000e785a1b0, 0x00000000e8000000)
  to   space 21824K,   0% used [0x00000000e5560000, 0x00000000e5560000, 0x00000000e6ab0000)
 concurrent mark-sweep generation total 393216K, used 0K [0x00000000e8000000, 0x0000000100000000, 0x0000000100000000)
 Metaspace       used 21769K, capacity 22106K, committed 22292K, reserved 1069056K
  class space    used 2581K, capacity 2709K, committed 2764K, reserved 1048576K
2015-09-24T09:51:40.116+0800: 14.476: [GC (CMS Final Remark) 14.476: [ParNew
Desired survivor size 20112992 bytes, new threshold 8 (max 8)
- age   1:     153784 bytes,     153784 total
- age   2:    1670184 bytes,    1823968 total
- age   3:    2811880 bytes,    4635848 total
- age   4:    3075640 bytes,    7711488 total
: 14737K->9279K(109248K), 0.0082394 secs] 14737K->9279K(502464K), 0.0084601 secs] [Times: user=0.05 sys=0.00, real=0.01 secs] 
Heap after GC invocations=4 (full 1):
 par new generation   total 109248K, used 9279K [0x00000000e0000000, 0x00000000e8000000, 0x00000000e8000000)
  eden space 87424K,   0% used [0x00000000e0000000, 0x00000000e0000000, 0x00000000e5560000)
  from space 21824K,  42% used [0x00000000e5560000, 0x00000000e5e6ff80, 0x00000000e6ab0000)
  to   space 21824K,   0% used [0x00000000e6ab0000, 0x00000000e6ab0000, 0x00000000e8000000)
 concurrent mark-sweep generation total 393216K, used 0K [0x00000000e8000000, 0x0000000100000000, 0x0000000100000000)
 Metaspace       used 21769K, capacity 22106K, committed 22292K, reserved 1069056K
  class space    used 2581K, capacity 2709K, committed 2764K, reserved 1048576K
}
14.485: [Rescan (parallel) , 0.0031058 secs]14.488: [weak refs processing, 0.0002822 secs]14.488: [class unloading, 0.0040425 secs]14.493: [scrub symbol table, 0.0050756 secs]14.498: [scrub string table, 0.0003355 secs][1 CMS-remark: 0K(393216K)] 9279K(502464K), 0.0224046 secs] [Times: user=0.06 sys=0.00, real=0.02 secs] 
2015-09-24T09:51:40.138+0800: 14.499: Total time for which application threads were stopped: 0.0225222 seconds, Stopping threads took: 0.0000336 seconds
2015-09-24T09:51:40.139+0800: 14.499: [CMS-concurrent-sweep-start]
2015-09-24T09:51:40.139+0800: 14.499: Total time for which application threads were stopped: 0.0000967 seconds, Stopping threads took: 0.0000300 seconds
2015-09-24T09:51:40.139+0800: 14.499: [CMS-concurrent-sweep: 0.000/0.000 secs] [Times: user=0.00 sys=0.00, real=0.00 secs] 
2015-09-24T09:51:40.139+0800: 14.499: [CMS-concurrent-reset-start]
2015-09-24T09:51:40.141+0800: 14.501: [CMS-concurrent-reset: 0.002/0.002 secs] [Times: user=0.00 sys=0.00, real=0.00 secs] 
2015-09-24T09:51:40.422+0800: 14.783: Total time for which application threads were stopped: 0.0001480 seconds, Stopping threads took: 0.0000359 seconds
{Heap before GC invocations=4 (full 1):
 par new generation   total 109248K, used 96703K [0x00000000e0000000, 0x00000000e8000000, 0x00000000e8000000)
  eden space 87424K, 100% used [0x00000000e0000000, 0x00000000e5560000, 0x00000000e5560000)
  from space 21824K,  42% used [0x00000000e5560000, 0x00000000e5e6ff80, 0x00000000e6ab0000)
  to   space 21824K,   0% used [0x00000000e6ab0000, 0x00000000e6ab0000, 0x00000000e8000000)
 concurrent mark-sweep generation total 393216K, used 0K [0x00000000e8000000, 0x0000000100000000, 0x0000000100000000)
 Metaspace       used 22603K, capacity 22930K, committed 23188K, reserved 1069056K
  class space    used 2692K, capacity 2809K, committed 2892K, reserved 1048576K
2015-09-24T09:51:40.590+0800: 14.950: [GC (Allocation Failure) 14.950: [ParNew
Desired survivor size 20112992 bytes, new threshold 8 (max 8)
- age   1:     797864 bytes,     797864 total
- age   3:    1496360 bytes,    2294224 total
- age   4:    2811344 bytes,    5105568 total
- age   5:    3075488 bytes,    8181056 total
: 96703K->11913K(109248K), 0.0085058 secs] 96703K->11913K(502464K), 0.0085852 secs] [Times: user=0.00 sys=0.00, real=0.01 secs] 
Heap after GC invocations=5 (full 1):
 par new generation   total 109248K, used 11913K [0x00000000e0000000, 0x00000000e8000000, 0x00000000e8000000)
  eden space 87424K,   0% used [0x00000000e0000000, 0x00000000e0000000, 0x00000000e5560000)
  from space 21824K,  54% used [0x00000000e6ab0000, 0x00000000e7652758, 0x00000000e8000000)
  to   space 21824K,   0% used [0x00000000e5560000, 0x00000000e5560000, 0x00000000e6ab0000)
 concurrent mark-sweep generation total 393216K, used 0K [0x00000000e8000000, 0x0000000100000000, 0x0000000100000000)
 Metaspace       used 22603K, capacity 22930K, committed 23188K, reserved 1069056K
  class space    used 2692K, capacity 2809K, committed 2892K, reserved 1048576K
}
2015-09-24T09:51:40.598+0800: 14.959: Total time for which application threads were stopped: 0.0087995 seconds, Stopping threads took: 0.0000253 seconds
2015-09-24T09:51:40.599+0800: 14.959: Total time for which application threads were stopped: 0.0001243 seconds, Stopping threads took: 0.0000462 seconds
2015-09-24T09:51:40.606+0800: 14.967: Total time for which application threads were stopped: 0.0000912 seconds, Stopping threads took: 0.0000261 seconds
2015-09-24T09:51:40.606+0800: 14.967: Total time for which application threads were stopped: 0.0000403 seconds, Stopping threads took: 0.0000107 seconds
2015-09-24T09:51:40.606+0800: 14.967: Total time for which application threads were stopped: 0.0000387 seconds, Stopping threads took: 0.0000103 seconds
2015-09-24T09:51:40.606+0800: 14.967: Total time for which application threads were stopped: 0.0000371 seconds, Stopping threads took: 0.0000178 seconds
2015-09-24T09:51:40.606+0800: 14.967: Total time for which application threads were stopped: 0.0000241 seconds, Stopping threads took: 0.0000071 seconds
2015-09-24T09:51:40.606+0800: 14.967: Total time for which application threads were stopped: 0.0000229 seconds, Stopping threads took: 0.0000067 seconds
2015-09-24T09:51:40.606+0800: 14.967: Total time for which application threads were stopped: 0.0000328 seconds, Stopping threads took: 0.0000095 seconds
2015-09-24T09:51:40.610+0800: 14.970: Total time for which application threads were stopped: 0.0000675 seconds, Stopping threads took: 0.0000241 seconds
2015-09-24T09:51:40.610+0800: 14.970: Total time for which application threads were stopped: 0.0000411 seconds, Stopping threads took: 0.0000114 seconds
2015-09-24T09:51:40.610+0800: 14.971: Total time for which application threads were stopped: 0.0000288 seconds, Stopping threads took: 0.0000083 seconds
2015-09-24T09:51:40.724+0800: 15.084: Total time for which application threads were stopped: 0.0000829 seconds, Stopping threads took: 0.0000221 seconds
2015-09-24T09:51:40.732+0800: 15.093: Total time for which application threads were stopped: 0.0000845 seconds, Stopping threads took: 0.0000296 seconds
2015-09-24T09:51:40.733+0800: 15.094: Total time for which application threads were stopped: 0.0000608 seconds, Stopping threads took: 0.0000178 seconds
2015-09-24T09:51:40.734+0800: 15.095: Total time for which application threads were stopped: 0.0000537 seconds, Stopping threads took: 0.0000138 seconds
2015-09-24T09:51:40.735+0800: 15.095: Total time for which application threads were stopped: 0.0000849 seconds, Stopping threads took: 0.0000312 seconds
2015-09-24T09:51:40.784+0800: 15.145: Total time for which application threads were stopped: 0.0001022 seconds, Stopping threads took: 0.0000300 seconds
2015-09-24T09:51:40.908+0800: 15.269: Total time for which application threads were stopped: 0.0004188 seconds, Stopping threads took: 0.0000414 seconds
2015-09-24T09:51:41.126+0800: 15.486: Total time for which application threads were stopped: 0.0002297 seconds, Stopping threads took: 0.0001366 seconds
2015-09-24T09:51:41.169+0800: 15.529: Total time for which application threads were stopped: 0.0003778 seconds, Stopping threads took: 0.0000268 seconds
2015-09-24T09:51:41.194+0800: 15.554: Total time for which application threads were stopped: 0.0004540 seconds, Stopping threads took: 0.0000272 seconds
2015-09-24T09:51:41.262+0800: 15.623: Total time for which application threads were stopped: 0.0010326 seconds, Stopping threads took: 0.0009272 seconds
2015-09-24T09:51:41.264+0800: 15.625: Total time for which application threads were stopped: 0.0001105 seconds, Stopping threads took: 0.0000359 seconds
2015-09-24T09:51:41.488+0800: 15.848: Total time for which application threads were stopped: 0.0001113 seconds, Stopping threads took: 0.0000328 seconds
2015-09-24T09:51:41.488+0800: 15.848: Total time for which application threads were stopped: 0.0000379 seconds, Stopping threads took: 0.0000111 seconds
2015-09-24T09:51:42.488+0800: 16.848: Total time for which application threads were stopped: 0.0001354 seconds, Stopping threads took: 0.0000379 seconds
2015-09-24T09:51:49.491+0800: 23.852: Total time for which application threads were stopped: 0.0001307 seconds, Stopping threads took: 0.0000399 seconds
2015-09-24T09:51:50.678+0800: 25.039: Total time for which application threads were stopped: 0.0003055 seconds, Stopping threads took: 0.0001962 seconds
{Heap before GC invocations=5 (full 1):
 par new generation   total 109248K, used 99337K [0x00000000e0000000, 0x00000000e8000000, 0x00000000e8000000)
  eden space 87424K, 100% used [0x00000000e0000000, 0x00000000e5560000, 0x00000000e5560000)
  from space 21824K,  54% used [0x00000000e6ab0000, 0x00000000e7652758, 0x00000000e8000000)
  to   space 21824K,   0% used [0x00000000e5560000, 0x00000000e5560000, 0x00000000e6ab0000)
 concurrent mark-sweep generation total 393216K, used 0K [0x00000000e8000000, 0x0000000100000000, 0x0000000100000000)
 Metaspace       used 27717K, capacity 28086K, committed 28364K, reserved 1075200K
  class space    used 3306K, capacity 3419K, committed 3532K, reserved 1048576K
2015-09-24T09:51:51.468+0800: 25.829: [GC (Allocation Failure) 25.829: [ParNew
Desired survivor size 20112992 bytes, new threshold 8 (max 8)
- age   1:    7705440 bytes,    7705440 total
- age   2:     172168 bytes,    7877608 total
- age   4:     887920 bytes,    8765528 total
- age   5:    2799888 bytes,   11565416 total
- age   6:    3075296 bytes,   14640712 total
: 99337K->15396K(109248K), 0.0140614 secs] 99337K->15396K(502464K), 0.0141577 secs] [Times: user=0.05 sys=0.00, real=0.01 secs] 
Heap after GC invocations=6 (full 1):
 par new generation   total 109248K, used 15396K [0x00000000e0000000, 0x00000000e8000000, 0x00000000e8000000)
  eden space 87424K,   0% used [0x00000000e0000000, 0x00000000e0000000, 0x00000000e5560000)
  from space 21824K,  70% used [0x00000000e5560000, 0x00000000e64690d8, 0x00000000e6ab0000)
  to   space 21824K,   0% used [0x00000000e6ab0000, 0x00000000e6ab0000, 0x00000000e8000000)
 concurrent mark-sweep generation total 393216K, used 0K [0x00000000e8000000, 0x0000000100000000, 0x0000000100000000)
 Metaspace       used 27717K, capacity 28086K, committed 28364K, reserved 1075200K
  class space    used 3306K, capacity 3419K, committed 3532K, reserved 1048576K
}
2015-09-24T09:51:51.482+0800: 25.843: Total time for which application threads were stopped: 0.0144644 seconds, Stopping threads took: 0.0000296 seconds
2015-09-24T09:51:51.484+0800: 25.845: Total time for which application threads were stopped: 0.0001461 seconds, Stopping threads took: 0.0000332 seconds
2015-09-24T09:51:51.486+0800: 25.847: Total time for which application threads were stopped: 0.0001318 seconds, Stopping threads took: 0.0000367 seconds
2015-09-24T09:51:51.487+0800: 25.848: Total time for which application threads were stopped: 0.0004543 seconds, Stopping threads took: 0.0003533 seconds
2015-09-24T09:51:51.488+0800: 25.849: Total time for which application threads were stopped: 0.0001342 seconds, Stopping threads took: 0.0000861 seconds
2015-09-24T09:51:51.488+0800: 25.849: Total time for which application threads were stopped: 0.0002096 seconds, Stopping threads took: 0.0000561 seconds
2015-09-24T09:51:51.554+0800: 25.914: Total time for which application threads were stopped: 0.0001461 seconds, Stopping threads took: 0.0000383 seconds
2015-09-24T09:51:51.554+0800: 25.915: Total time for which application threads were stopped: 0.0000797 seconds, Stopping threads took: 0.0000284 seconds
2015-09-24T09:51:51.642+0800: 26.002: Total time for which application threads were stopped: 0.0001907 seconds, Stopping threads took: 0.0001086 seconds
2015-09-24T09:51:51.643+0800: 26.004: Total time for which application threads were stopped: 0.0000797 seconds, Stopping threads took: 0.0000343 seconds
2015-09-24T09:51:51.644+0800: 26.004: Total time for which application threads were stopped: 0.0000458 seconds, Stopping threads took: 0.0000170 seconds
2015-09-24T09:51:51.644+0800: 26.004: Total time for which application threads were stopped: 0.0000422 seconds, Stopping threads took: 0.0000158 seconds
2015-09-24T09:51:51.644+0800: 26.004: Total time for which application threads were stopped: 0.0000391 seconds, Stopping threads took: 0.0000146 seconds
2015-09-24T09:52:40.534+0800: 74.895: Total time for which application threads were stopped: 0.0026337 seconds, Stopping threads took: 0.0009111 seconds
2015-09-24T09:52:40.537+0800: 74.897: Total time for which application threads were stopped: 0.0000995 seconds, Stopping threads took: 0.0000280 seconds
2015-09-24T09:52:40.538+0800: 74.899: Total time for which application threads were stopped: 0.0000932 seconds, Stopping threads took: 0.0000288 seconds
2015-09-24T09:52:40.593+0800: 74.953: Total time for which application threads were stopped: 0.0000714 seconds, Stopping threads took: 0.0000237 seconds
2015-09-24T09:52:40.601+0800: 74.961: Total time for which application threads were stopped: 0.0001532 seconds, Stopping threads took: 0.0000229 seconds
2015-09-24T09:52:40.621+0800: 74.981: Total time for which application threads were stopped: 0.0000868 seconds, Stopping threads took: 0.0000241 seconds
2015-09-24T09:52:40.624+0800: 74.984: Total time for which application threads were stopped: 0.0000817 seconds, Stopping threads took: 0.0000284 seconds
2015-09-24T09:52:40.628+0800: 74.988: Total time for which application threads were stopped: 0.0000955 seconds, Stopping threads took: 0.0000288 seconds
2015-09-24T09:52:40.705+0800: 75.065: Total time for which application threads were stopped: 0.0001528 seconds, Stopping threads took: 0.0000651 seconds
2015-09-24T09:52:40.905+0800: 75.265: Total time for which application threads were stopped: 0.0001879 seconds, Stopping threads took: 0.0000434 seconds
2015-09-24T09:52:40.907+0800: 75.267: Total time for which application threads were stopped: 0.0000971 seconds, Stopping threads took: 0.0000253 seconds
2015-09-24T09:52:40.907+0800: 75.268: Total time for which application threads were stopped: 0.0000422 seconds, Stopping threads took: 0.0000095 seconds
2015-09-24T09:53:07.806+0800: 102.166: Total time for which application threads were stopped: 0.0001539 seconds, Stopping threads took: 0.0000375 seconds
2015-09-24T09:53:07.806+0800: 102.166: Total time for which application threads were stopped: 0.0000576 seconds, Stopping threads took: 0.0000166 seconds
2015-09-24T09:53:07.858+0800: 102.219: Total time for which application threads were stopped: 0.0000876 seconds, Stopping threads took: 0.0000245 seconds
2015-09-24T09:53:07.862+0800: 102.222: Total time for which application threads were stopped: 0.0001539 seconds, Stopping threads took: 0.0000300 seconds
2015-09-24T09:53:07.862+0800: 102.222: Total time for which application threads were stopped: 0.0000553 seconds, Stopping threads took: 0.0000166 seconds
2015-09-24T09:53:07.862+0800: 102.222: Total time for which application threads were stopped: 0.0000541 seconds, Stopping threads took: 0.0000162 seconds
2015-09-24T09:53:07.863+0800: 102.223: Total time for which application threads were stopped: 0.0001914 seconds, Stopping threads took: 0.0000138 seconds
2015-09-24T09:53:07.863+0800: 102.223: Total time for which application threads were stopped: 0.0000687 seconds, Stopping threads took: 0.0000320 seconds
2015-09-24T09:53:07.863+0800: 102.224: Total time for which application threads were stopped: 0.0000482 seconds, Stopping threads took: 0.0000126 seconds
2015-09-24T09:53:07.869+0800: 102.229: Total time for which application threads were stopped: 0.0000920 seconds, Stopping threads took: 0.0000300 seconds
2015-09-24T09:53:07.869+0800: 102.230: Total time for which application threads were stopped: 0.0000513 seconds, Stopping threads took: 0.0000146 seconds
2015-09-24T09:53:07.887+0800: 102.247: Total time for which application threads were stopped: 0.0002321 seconds, Stopping threads took: 0.0000324 seconds
2015-09-24T09:53:07.994+0800: 102.355: Total time for which application threads were stopped: 0.0001058 seconds, Stopping threads took: 0.0000249 seconds
2015-09-24T09:53:07.995+0800: 102.355: Total time for which application threads were stopped: 0.0000703 seconds, Stopping threads took: 0.0000178 seconds
2015-09-24T09:53:24.751+0800: 119.112: Total time for which application threads were stopped: 0.0001180 seconds, Stopping threads took: 0.0000351 seconds
2015-09-24T09:53:24.752+0800: 119.112: Total time for which application threads were stopped: 0.0000478 seconds, Stopping threads took: 0.0000126 seconds
2015-09-24T09:53:24.795+0800: 119.156: Total time for which application threads were stopped: 0.0001042 seconds, Stopping threads took: 0.0000387 seconds
2015-09-24T09:53:24.894+0800: 119.255: Total time for which application threads were stopped: 0.0000963 seconds, Stopping threads took: 0.0000264 seconds
2015-09-24T09:53:24.895+0800: 119.255: Total time for which application threads were stopped: 0.0000703 seconds, Stopping threads took: 0.0000205 seconds
2015-09-24T09:53:48.721+0800: 143.081: Total time for which application threads were stopped: 0.0001804 seconds, Stopping threads took: 0.0000967 seconds
2015-09-24T09:53:48.721+0800: 143.082: Total time for which application threads were stopped: 0.0000612 seconds, Stopping threads took: 0.0000193 seconds
2015-09-24T09:53:48.779+0800: 143.140: Total time for which application threads were stopped: 0.0001022 seconds, Stopping threads took: 0.0000312 seconds
2015-09-24T09:53:49.780+0800: 144.140: Total time for which application threads were stopped: 0.0001836 seconds, Stopping threads took: 0.0000596 seconds
2015-09-24T09:54:27.920+0800: 182.281: Total time for which application threads were stopped: 0.0001338 seconds, Stopp