2015-09-24 01:51:26.645 INFO  (main) [   ] o.e.j.u.log Logging initialized @1000ms
2015-09-24 01:51:27.116 INFO  (main) [   ] o.e.j.s.Server jetty-9.2.11.v20150529
2015-09-24 01:51:27.141 WARN  (main) [   ] o.e.j.s.h.RequestLogHandler !RequestLog
2015-09-24 01:51:27.145 INFO  (main) [   ] o.e.j.d.p.ScanningAppProvider Deployment monitor [file:/C:/Users/thyferny/git/mqa/solr-5.3.0/server/contexts/] at interval 0
2015-09-24 01:51:28.569 INFO  (main) [   ] o.e.j.w.StandardDescriptorProcessor NO JSP Support for /solr, did not find org.apache.jasper.servlet.JspServlet
2015-09-24 01:51:28.606 WARN  (main) [   ] o.e.j.s.SecurityHandler ServletContext@o.e.j.w.WebAppContext@239963d8{/solr,file:/C:/Users/thyferny/git/mqa/solr-5.3.0/server/solr-webapp/webapp/,STARTING}{C:\Users\thyferny\git\mqa\solr-5.3.0\server/solr-webapp/webapp} has uncovered http methods for path: /
2015-09-24 01:51:28.617 INFO  (main) [   ] o.a.s.s.SolrDispatchFilter SolrDispatchFilter.init(): WebAppClassLoader=1454127753@56ac3a89
2015-09-24 01:51:28.658 INFO  (main) [   ] o.a.s.c.SolrResourceLoader JNDI not configured for solr (NoInitialContextEx)
2015-09-24 01:51:28.659 INFO  (main) [   ] o.a.s.c.SolrResourceLoader using system property solr.solr.home: C:\Users\thyferny\git\mqa\solr-5.3.0\server\solr
2015-09-24 01:51:28.663 INFO  (main) [   ] o.a.s.c.SolrResourceLoader new SolrResourceLoader for directory: 'C:\Users\thyferny\git\mqa\solr-5.3.0\server\solr\'
2015-09-24 01:51:28.953 INFO  (main) [   ] o.a.s.c.SolrXmlConfig Loading container configuration from C:\Users\thyferny\git\mqa\solr-5.3.0\server\solr\solr.xml
2015-09-24 01:51:29.121 INFO  (main) [   ] o.a.s.c.CoresLocator Config-defined core root directory: C:\Users\thyferny\git\mqa\solr-5.3.0\server\solr
2015-09-24 01:51:29.164 INFO  (main) [   ] o.a.s.c.CoreContainer New CoreContainer 52908367
2015-09-24 01:51:29.165 INFO  (main) [   ] o.a.s.c.CoreContainer Loading cores into CoreContainer [instanceDir=C:\Users\thyferny\git\mqa\solr-5.3.0\server\solr\]
2015-09-24 01:51:29.166 INFO  (main) [   ] o.a.s.c.CoreContainer loading shared library: C:\Users\thyferny\git\mqa\solr-5.3.0\server\solr\lib
2015-09-24 01:51:29.167 WARN  (main) [   ] o.a.s.c.SolrResourceLoader Can't find (or read) directory to add to classloader: lib (resolved as: C:\Users\thyferny\git\mqa\solr-5.3.0\server\solr\lib).
2015-09-24 01:51:29.193 INFO  (main) [   ] o.a.s.h.c.HttpShardHandlerFactory created with socketTimeout : 600000,connTimeout : 60000,maxConnectionsPerHost : 20,maxConnections : 10000,corePoolSize : 0,maximumPoolSize : 2147483647,maxThreadIdleTime : 5,sizeOfQueue : -1,fairnessPolicy : false,useRetries : false,
2015-09-24 01:51:29.447 INFO  (main) [   ] o.a.s.u.UpdateShardHandler Creating UpdateShardHandler HTTP client with params: socketTimeout=600000&connTimeout=60000&retry=true
2015-09-24 01:51:29.451 INFO  (main) [   ] o.a.s.l.LogWatcher SLF4J impl is org.slf4j.impl.Log4jLoggerFactory
2015-09-24 01:51:29.454 INFO  (main) [   ] o.a.s.l.LogWatcher Registering Log Listener [Log4j (org.slf4j.impl.Log4jLoggerFactory)]
2015-09-24 01:51:29.459 INFO  (main) [   ] o.a.s.c.CoreContainer Security conf doesn't exist. Skipping setup for authorization module.
2015-09-24 01:51:29.459 INFO  (main) [   ] o.a.s.c.CoreContainer No authentication plugin used.
2015-09-24 01:51:38.547 INFO  (main) [   ] o.a.s.c.CoresLocator Looking for core definitions underneath C:\Users\thyferny\git\mqa\solr-5.3.0\server\solr
2015-09-24 01:51:38.642 INFO  (main) [   ] o.a.s.c.SolrCore Created CoreDescriptor: {name=solr-qa, config=solrconfig.xml, transient=false, schema=schema.xml, loadOnStartup=true, configSetProperties=configsetprops.json, instanceDir=C:\Users\thyferny\git\mqa\solr-5.3.0\server\solr\solr-qa, absoluteInstDir=C:\Users\thyferny\git\mqa\solr-5.3.0\server\solr\solr-qa\, dataDir=data}
2015-09-24 01:51:38.643 INFO  (main) [   ] o.a.s.c.CoresLocator Found core solr-qa in C:\Users\thyferny\git\mqa\solr-5.3.0\server\solr\solr-qa\
2015-09-24 01:51:38.643 INFO  (main) [   ] o.a.s.c.CoresLocator Found 1 core definitions
2015-09-24 01:51:38.647 INFO  (main) [   ] o.a.s.s.SolrDispatchFilter user.dir=C:\Users\thyferny\git\mqa\solr-5.3.0\server
2015-09-24 01:51:38.648 INFO  (main) [   ] o.a.s.s.SolrDispatchFilter SolrDispatchFilter.init() done
2015-09-24 01:51:38.647 INFO  (coreLoadExecutor-6-thread-1) [   ] o.a.s.c.SolrResourceLoader new SolrResourceLoader for directory: 'C:\Users\thyferny\git\mqa\solr-5.3.0\server\solr\solr-qa\'
2015-09-24 01:51:38.676 INFO  (main) [   ] o.e.j.s.h.ContextHandler Started o.e.j.w.WebAppContext@239963d8{/solr,file:/C:/Users/thyferny/git/mqa/solr-5.3.0/server/solr-webapp/webapp/,AVAILABLE}{C:\Users\thyferny\git\mqa\solr-5.3.0\server/solr-webapp/webapp}
2015-09-24 01:51:38.782 INFO  (coreLoadExecutor-6-thread-1) [   ] o.a.s.c.SolrConfig current version of requestparams : -1
2015-09-24 01:51:38.797 INFO  (coreLoadExecutor-6-thread-1) [   ] o.a.s.c.SolrConfig Adding specified lib dirs to ClassLoader
2015-09-24 01:51:38.804 INFO  (coreLoadExecutor-6-thread-1) [   ] o.a.s.c.SolrResourceLoader Adding 'file:/C:/Users/thyferny/git/mqa/solr-5.3.0/contrib/extraction/lib/apache-mime4j-core-0.7.2.jar' to classloader
2015-09-24 01:51:38.805 INFO  (coreLoadExecutor-6-thread-1) [   ] o.a.s.c.SolrResourceLoader Adding 'file:/C:/Users/thyferny/git/mqa/solr-5.3.0/contrib/extraction/lib/apache-mime4j-dom-0.7.2.jar' to classloader
2015-09-24 01:51:38.807 INFO  (coreLoadExecutor-6-thread-1) [   ] o.a.s.c.SolrResourceLoader Adding 'file:/C:/Users/thyferny/git/mqa/solr-5.3.0/contrib/extraction/lib/aspectjrt-1.8.0.jar' to classloader
2015-09-24 01:51:38.808 INFO  (coreLoadExecutor-6-thread-1) [   ] o.a.s.c.SolrResourceLoader Adding 'file:/C:/Users/thyferny/git/mqa/solr-5.3.0/contrib/extraction/lib/bcmail-jdk15-1.45.jar' to classloader
2015-09-24 01:51:38.809 INFO  (coreLoadExecutor-6-thread-1) [   ] o.a.s.c.SolrResourceLoader Adding 'file:/C:/Users/thyferny/git/mqa/solr-5.3.0/contrib/extraction/lib/bcprov-jdk15-1.45.jar' to classloader
2015-09-24 01:51:38.809 INFO  (coreLoadExecutor-6-thread-1) [   ] o.a.s.c.SolrResourceLoader Adding 'file:/C:/Users/thyferny/git/mqa/solr-5.3.0/contrib/extraction/lib/boilerpipe-1.1.0.jar' to classloader
2015-09-24 01:51:38.810 INFO  (coreLoadExecutor-6-thread-1) [   ] o.a.s.c.SolrResourceLoader Adding 'file:/C:/Users/thyferny/git/mqa/solr-5.3.0/contrib/extraction/lib/commons-compress-1.8.1.jar' to classloader
2015-09-24 01:51:38.814 INFO  (coreLoadExecutor-6-thread-1) [   ] o.a.s.c.SolrResourceLoader Adding 'file:/C:/Users/thyferny/git/mqa/solr-5.3.0/contrib/extraction/lib/fontbox-1.8.8.jar' to classloader
2015-09-24 01:51:38.815 INFO  (coreLoadExecutor-6-thread-1) [   ] o.a.s.c.SolrResourceLoader Adding 'file:/C:/Users/thyferny/git/mqa/solr-5.3.0/contrib/extraction/lib/icu4j-54.1.jar' to classloader
2015-09-24 01:51:38.816 INFO  (coreLoadExecutor-6-thread-1) [   ] o.a.s.c.SolrResourceLoader Adding 'file:/C:/Users/thyferny/git/mqa/solr-5.3.0/contrib/extraction/lib/isoparser-1.0.2.jar' to classloader
2015-09-24 01:51:38.817 INFO  (coreLoadExecutor-6-thread-1) [   ] o.a.s.c.SolrResourceLoader Adding 'file:/C:/Users/thyferny/git/mqa/solr-5.3.0/contrib/extraction/lib/java-libpst-0.8.1.jar' to classloader
2015-09-24 01:51:38.818 INFO  (coreLoadExecutor-6-thread-1) [   ] o.a.s.c.SolrResourceLoader Adding 'file:/C:/Users/thyferny/git/mqa/solr-5.3.0/contrib/extraction/lib/jdom-1.0.jar' to classloader
2015-09-24 01:51:38.818 INFO  (coreLoadExecutor-6-thread-1) [   ] o.a.s.c.SolrResourceLoader Adding 'file:/C:/Users/thyferny/git/mqa/solr-5.3.0/contrib/extraction/lib/jempbox-1.8.8.jar' to classloader
2015-09-24 01:51:38.819 INFO  (coreLoadExecutor-6-thread-1) [   ] o.a.s.c.SolrResourceLoader Adding 'file:/C:/Users/thyferny/git/mqa/solr-5.3.0/contrib/extraction/lib/jmatio-1.0.jar' to classloader
2015-09-24 01:51:38.820 INFO  (coreLoadExecutor-6-thread-1) [   ] o.a.s.c.SolrResourceLoader Adding 'file:/C:/Users/thyferny/git/mqa/solr-5.3.0/contrib/extraction/lib/juniversalchardet-1.0.3.jar' to classloader
2015-09-24 01:51:38.822 INFO  (coreLoadExecutor-6-thread-1) [   ] o.a.s.c.SolrResourceLoader Adding 'file:/C:/Users/thyferny/git/mqa/solr-5.3.0/contrib/extraction/lib/metadata-extractor-2.6.2.jar' to classloader
2015-09-24 01:51:38.823 INFO  (coreLoadExecutor-6-thread-1) [   ] o.a.s.c.SolrResourceLoader Adding 'file:/C:/Users/thyferny/git/mqa/solr-5.3.0/contrib/extraction/lib/pdfbox-1.8.8.jar' to classloader
2015-09-24 01:51:38.824 INFO  (coreLoadExecutor-6-thread-1) [   ] o.a.s.c.SolrResourceLoader Adding 'file:/C:/Users/thyferny/git/mqa/solr-5.3.0/contrib/extraction/lib/poi-3.11.jar' to classloader
2015-09-24 01:51:38.825 INFO  (coreLoadExecutor-6-thread-1) [   ] o.a.s.c.SolrResourceLoader Adding 'file:/C:/Users/thyferny/git/mqa/solr-5.3.0/contrib/extraction/lib/poi-ooxml-3.11.jar' to classloader
2015-09-24 01:51:38.826 INFO  (coreLoadExecutor-6-thread-1) [   ] o.a.s.c.SolrResourceLoader Adding 'file:/C:/Users/thyferny/git/mqa/solr-5.3.0/contrib/extraction/lib/poi-ooxml-schemas-3.11.jar' to classloader
2015-09-24 01:51:38.827 INFO  (coreLoadExecutor-6-thread-1) [   ] o.a.s.c.SolrResourceLoader Adding 'file:/C:/Users/thyferny/git/mqa/solr-5.3.0/contrib/extraction/lib/poi-scratchpad-3.11.jar' to classloader
2015-09-24 01:51:38.827 INFO  (coreLoadExecutor-6-thread-1) [   ] o.a.s.c.SolrResourceLoader Adding 'file:/C:/Users/thyferny/git/mqa/solr-5.3.0/contrib/extraction/lib/rome-1.0.jar' to classloader
2015-09-24 01:51:38.828 INFO  (coreLoadExecutor-6-thread-1) [   ] o.a.s.c.SolrResourceLoader Adding 'file:/C:/Users/thyferny/git/mqa/solr-5.3.0/contrib/extraction/lib/tagsoup-1.2.1.jar' to classloader
2015-09-24 01:51:38.829 INFO  (coreLoadExecutor-6-thread-1) [   ] o.a.s.c.SolrResourceLoader Adding 'file:/C:/Users/thyferny/git/mqa/solr-5.3.0/contrib/extraction/lib/tika-core-1.7.jar' to classloader
2015-09-24 01:51:38.829 INFO  (coreLoadExecutor-6-thread-1) [   ] o.a.s.c.SolrResourceLoader Adding 'file:/C:/Users/thyferny/git/mqa/solr-5.3.0/contrib/extraction/lib/tika-java7-1.7.jar' to classloader
2015-09-24 01:51:38.829 INFO  (coreLoadExecutor-6-thread-1) [   ] o.a.s.c.SolrResourceLoader Adding 'file:/C:/Users/thyferny/git/mqa/solr-5.3.0/contrib/extraction/lib/tika-parsers-1.7.jar' to classloader
2015-09-24 01:51:38.830 INFO  (coreLoadExecutor-6-thread-1) [   ] o.a.s.c.SolrResourceLoader Adding 'file:/C:/Users/thyferny/git/mqa/solr-5.3.0/contrib/extraction/lib/tika-xmp-1.7.jar' to classloader
2015-09-24 01:51:38.830 INFO  (coreLoadExecutor-6-thread-1) [   ] o.a.s.c.SolrResourceLoader Adding 'file:/C:/Users/thyferny/git/mqa/solr-5.3.0/contrib/extraction/lib/vorbis-java-core-0.6.jar' to classloader
2015-09-24 01:51:38.831 INFO  (coreLoadExecutor-6-thread-1) [   ] o.a.s.c.SolrResourceLoader Adding 'file:/C:/Users/thyferny/git/mqa/solr-5.3.0/contrib/extraction/lib/vorbis-java-tika-0.6.jar' to classloader
2015-09-24 01:51:38.831 INFO  (coreLoadExecutor-6-thread-1) [   ] o.a.s.c.SolrResourceLoader Adding 'file:/C:/Users/thyferny/git/mqa/solr-5.3.0/contrib/extraction/lib/xercesImpl-2.9.1.jar' to classloader
2015-09-24 01:51:38.832 INFO  (coreLoadExecutor-6-thread-1) [   ] o.a.s.c.SolrResourceLoader Adding 'file:/C:/Users/thyferny/git/mqa/solr-5.3.0/contrib/extraction/lib/xmlbeans-2.6.0.jar' to classloader
2015-09-24 01:51:38.832 INFO  (coreLoadExecutor-6-thread-1) [   ] o.a.s.c.SolrResourceLoader Adding 'file:/C:/Users/thyferny/git/mqa/solr-5.3.0/contrib/extraction/lib/xmpcore-5.1.2.jar' to classloader
2015-09-24 01:51:38.834 INFO  (coreLoadExecutor-6-thread-1) [   ] o.a.s.c.SolrResourceLoader Adding 'file:/C:/Users/thyferny/git/mqa/solr-5.3.0/contrib/extraction/lib/xz-1.5.jar' to classloader
2015-09-24 01:51:38.844 INFO  (coreLoadExecutor-6-thread-1) [   ] o.a.s.c.SolrResourceLoader Adding 'file:/C:/Users/thyferny/git/mqa/solr-5.3.0/dist/solr-cell-5.3.0.jar' to classloader
2015-09-24 01:51:38.849 INFO  (coreLoadExecutor-6-thread-1) [   ] o.a.s.c.SolrResourceLoader Adding 'file:/C:/Users/thyferny/git/mqa/solr-5.3.0/contrib/clustering/lib/attributes-binder-1.2.1.jar' to classloader
2015-09-24 01:51:38.850 INFO  (coreLoadExecutor-6-thread-1) [   ] o.a.s.c.SolrResourceLoader Adding 'file:/C:/Users/thyferny/git/mqa/solr-5.3.0/contrib/clustering/lib/carrot2-mini-3.9.0.jar' to classloader
2015-09-24 01:51:38.851 INFO  (coreLoadExecutor-6-thread-1) [   ] o.a.s.c.SolrResourceLoader Adding 'file:/C:/Users/thyferny/git/mqa/solr-5.3.0/contrib/clustering/lib/hppc-0.5.2.jar' to classloader
2015-09-24 01:51:38.853 INFO  (coreLoadExecutor-6-thread-1) [   ] o.a.s.c.SolrResourceLoader Adding 'file:/C:/Users/thyferny/git/mqa/solr-5.3.0/contrib/clustering/lib/jackson-core-asl-1.9.13.jar' to classloader
2015-09-24 01:51:38.855 INFO  (coreLoadExecutor-6-thread-1) [   ] o.a.s.c.SolrResourceLoader Adding 'file:/C:/Users/thyferny/git/mqa/solr-5.3.0/contrib/clustering/lib/jackson-mapper-asl-1.9.13.jar' to classloader
2015-09-24 01:51:38.872 INFO  (coreLoadExecutor-6-thread-1) [   ] o.a.s.c.SolrResourceLoader Adding 'file:/C:/Users/thyferny/git/mqa/solr-5.3.0/contrib/clustering/lib/mahout-collections-1.0.jar' to classloader
2015-09-24 01:51:38.873 INFO  (coreLoadExecutor-6-thread-1) [   ] o.a.s.c.SolrResourceLoader Adding 'file:/C:/Users/thyferny/git/mqa/solr-5.3.0/contrib/clustering/lib/mahout-math-0.6.jar' to classloader
2015-09-24 01:51:38.875 INFO  (coreLoadExecutor-6-thread-1) [   ] o.a.s.c.SolrResourceLoader Adding 'file:/C:/Users/thyferny/git/mqa/solr-5.3.0/contrib/clustering/lib/simple-xml-2.7.jar' to classloader
2015-09-24 01:51:38.878 INFO  (coreLoadExecutor-6-thread-1) [   ] o.a.s.c.SolrResourceLoader Adding 'file:/C:/Users/thyferny/git/mqa/solr-5.3.0/dist/solr-clustering-5.3.0.jar' to classloader
2015-09-24 01:51:38.891 INFO  (coreLoadExecutor-6-thread-1) [   ] o.a.s.c.SolrResourceLoader Adding 'file:/C:/Users/thyferny/git/mqa/solr-5.3.0/contrib/langid/lib/jsonic-1.2.7.jar' to classloader
2015-09-24 01:51:38.893 INFO  (coreLoadExecutor-6-thread-1) [   ] o.a.s.c.SolrResourceLoader Adding 'file:/C:/Users/thyferny/git/mqa/solr-5.3.0/contrib/langid/lib/langdetect-1.1-20120112.jar' to classloader
2015-09-24 01:51:38.897 INFO  (coreLoadExecutor-6-thread-1) [   ] o.a.s.c.SolrResourceLoader Adding 'file:/C:/Users/thyferny/git/mqa/solr-5.3.0/dist/solr-langid-5.3.0.jar' to classloader
2015-09-24 01:51:38.940 INFO  (coreLoadExecutor-6-thread-1) [   ] o.a.s.c.SolrResourceLoader Adding 'file:/C:/Users/thyferny/git/mqa/solr-5.3.0/contrib/velocity/lib/commons-beanutils-1.8.3.jar' to classloader
2015-09-24 01:51:38.954 INFO  (coreLoadExecutor-6-thread-1) [   ] o.a.s.c.SolrResourceLoader Adding 'file:/C:/Users/thyferny/git/mqa/solr-5.3.0/contrib/velocity/lib/commons-collections-3.2.1.jar' to classloader
2015-09-24 01:51:38.955 INFO  (coreLoadExecutor-6-thread-1) [   ] o.a.s.c.SolrResourceLoader Adding 'file:/C:/Users/thyferny/git/mqa/solr-5.3.0/contrib/velocity/lib/velocity-1.7.jar' to classloader
2015-09-24 01:51:38.956 INFO  (coreLoadExecutor-6-thread-1) [   ] o.a.s.c.SolrResourceLoader Adding 'file:/C:/Users/thyferny/git/mqa/solr-5.3.0/contrib/velocity/lib/velocity-tools-2.0.jar' to classloader
2015-09-24 01:51:38.958 INFO  (coreLoadExecutor-6-thread-1) [   ] o.a.s.c.SolrResourceLoader Adding 'file:/C:/Users/thyferny/git/mqa/solr-5.3.0/dist/solr-velocity-5.3.0.jar' to classloader
2015-09-24 01:51:38.960 INFO  (main) [   ] o.e.j.s.ServerConnector Started ServerConnector@4b013c76{HTTP/1.1}{0.0.0.0:8983}
2015-09-24 01:51:38.960 INFO  (main) [   ] o.e.j.s.Server Started @13320ms
2015-09-24 01:51:39.391 INFO  (qtp429313384-15) [   ] o.a.s.s.SolrDispatchFilter [admin] webapp=null path=/admin/info/system params={wt=json} status=0 QTime=99 
2015-09-24 01:51:39.418 INFO  (coreLoadExecutor-6-thread-1) [   ] o.a.s.u.SolrIndexConfig IndexWriter infoStream solr logging is enabled
2015-09-24 01:51:39.439 INFO  (coreLoadExecutor-6-thread-1) [   ] o.a.s.c.SolrConfig Using Lucene MatchVersion: 5.3.0
2015-09-24 01:51:39.743 INFO  (coreLoadExecutor-6-thread-1) [   ] o.a.s.c.Config Loaded SolrConfig: solrconfig.xml
2015-09-24 01:51:39.762 INFO  (coreLoadExecutor-6-thread-1) [   ] o.a.s.s.IndexSchema Reading Solr Schema from C:\Users\thyferny\git\mqa\solr-5.3.0\server\solr\solr-qa\conf\schema.xml
2015-09-24 01:51:39.886 INFO  (coreLoadExecutor-6-thread-1) [   ] o.a.s.s.IndexSchema [solr-qa] Schema name=example
2015-09-24 01:51:40.735 INFO  (coreLoadExecutor-6-thread-1) [   ] o.a.s.s.IndexSchema unique key field: id
2015-09-24 01:51:40.755 INFO  (coreLoadExecutor-6-thread-1) [   ] o.a.s.r.RestManager Registered ManagedResource impl org.apache.solr.rest.schema.analysis.ManagedWordSetResource for path /schema/analysis/stopwords/english
2015-09-24 01:51:40.757 INFO  (coreLoadExecutor-6-thread-1) [   ] o.a.s.r.RestManager Registered ManagedResource impl org.apache.solr.rest.schema.analysis.ManagedSynonymFilterFactory$SynonymManager for path /schema/analysis/synonyms/english
2015-09-24 01:51:40.889 INFO  (coreLoadExecutor-6-thread-1) [   ] o.a.s.s.FileExchangeRateProvider Reloading exchange rates from file currency.xml
2015-09-24 01:51:40.895 INFO  (coreLoadExecutor-6-thread-1) [   ] o.a.s.s.FileExchangeRateProvider Reloading exchange rates from file currency.xml
2015-09-24 01:51:41.122 INFO  (coreLoadExecutor-6-thread-1) [   ] o.a.s.c.ConfigSetProperties Did not find ConfigSet properties, assuming default properties: Can't find resource 'configsetprops.json' in classpath or 'C:\Users\thyferny\git\mqa\solr-5.3.0\server\solr\solr-qa\conf'
2015-09-24 01:51:41.123 INFO  (coreLoadExecutor-6-thread-1) [   ] o.a.s.c.CoreContainer Creating SolrCore 'solr-qa' using configuration from instancedir C:\Users\thyferny\git\mqa\solr-5.3.0\server\solr\solr-qa\
2015-09-24 01:51:41.125 INFO  (coreLoadExecutor-6-thread-1) [   x:solr-qa] o.a.s.c.SolrCore solr.NRTCachingDirectoryFactory
2015-09-24 01:51:41.167 INFO  (coreLoadExecutor-6-thread-1) [   x:solr-qa] o.a.s.c.SolrCore [[solr-qa] ] Opening new SolrCore at [C:\Users\thyferny\git\mqa\solr-5.3.0\server\solr\solr-qa\], dataDir=[null]
2015-09-24 01:51:41.171 INFO  (coreLoadExecutor-6-thread-1) [   x:solr-qa] o.a.s.c.JmxMonitoredMap No JMX servers found, not exposing Solr information with JMX.
2015-09-24 01:51:41.178 INFO  (coreLoadExecutor-6-thread-1) [   x:solr-qa] o.a.s.c.SolrCore [[solr-qa] ] Added SolrEventListener for newSearcher: [org.apache.solr.core.QuerySenderListener{queries=[]}]
2015-09-24 01:51:41.178 INFO  (coreLoadExecutor-6-thread-1) [   x:solr-qa] o.a.s.c.SolrCore [[solr-qa] ] Added SolrEventListener for firstSearcher: [org.apache.solr.core.QuerySenderListener{queries=[{q=static firstSearcher warming in solrconfig.xml}]}]
2015-09-24 01:51:41.202 INFO  (coreLoadExecutor-6-thread-1) [   x:solr-qa] o.a.s.c.CachingDirectoryFactory return new directory for C:\Users\thyferny\git\mqa\solr-5.3.0\server\solr\solr-qa\data
2015-09-24 01:51:41.203 INFO  (coreLoadExecutor-6-thread-1) [   x:solr-qa] o.a.s.c.SolrCore New index directory detected: old=null new=C:\Users\thyferny\git\mqa\solr-5.3.0\server\solr\solr-qa\data\index/
2015-09-24 01:51:41.206 INFO  (coreLoadExecutor-6-thread-1) [   x:solr-qa] o.a.s.c.CachingDirectoryFactory return new directory for C:\Users\thyferny\git\mqa\solr-5.3.0\server\solr\solr-qa\data\index
2015-09-24 01:51:41.251 INFO  (coreLoadExecutor-6-thread-1) [   x:solr-qa] o.a.s.c.PluginBag queryResponseWriter : 'velocity' created with startup=lazy 
2015-09-24 01:51:41.262 INFO  (OldIndexDirectoryCleanupThreadForCore-solr-qa) [   x:solr-qa] o.a.s.c.SolrCore Looking for old index directories to cleanup for core solr-qa in C:\Users\thyferny\git\mqa\solr-5.3.0\server\solr\solr-qa\data\
2015-09-24 01:51:41.263 INFO  (coreLoadExecutor-6-thread-1) [   x:solr-qa] o.a.s.r.XSLTResponseWriter xsltCacheLifetimeSeconds=5
2015-09-24 01:51:41.489 INFO  (coreLoadExecutor-6-thread-1) [   x:solr-qa] o.a.s.c.SolrCore no updateRequestProcessorChain defined as default, creating implicit default
2015-09-24 01:51:41.552 INFO  (coreLoadExecutor-6-thread-1) [   x:solr-qa] o.a.s.h.l.XMLLoader xsltCacheLifetimeSeconds=60
2015-09-24 01:51:41.558 INFO  (coreLoadExecutor-6-thread-1) [   x:solr-qa] o.a.s.h.l.XMLLoader xsltCacheLifetimeSeconds=60
2015-09-24 01:51:41.561 INFO  (coreLoadExecutor-6-thread-1) [   x:solr-qa] o.a.s.h.l.XMLLoader xsltCacheLifetimeSeconds=60
2015-09-24 01:51:41.563 INFO  (coreLoadExecutor-6-thread-1) [   x:solr-qa] o.a.s.h.l.XMLLoader xsltCacheLifetimeSeconds=60
2015-09-24 01:51:50.648 INFO  (coreLoadExecutor-6-thread-1) [   x:solr-qa] o.a.s.c.PluginBag requestHandler : '/update/extract' created with startup=lazy 
2015-09-24 01:51:50.648 INFO  (coreLoadExecutor-6-thread-1) [   x:solr-qa] o.a.s.c.PluginBag requestHandler : '/analysis/field' created with startup=lazy 
2015-09-24 01:51:50.648 INFO  (coreLoadExecutor-6-thread-1) [   x:solr-qa] o.a.s.c.PluginBag requestHandler : '/analysis/document' created with startup=lazy 
2015-09-24 01:51:50.652 INFO  (coreLoadExecutor-6-thread-1) [   x:solr-qa] o.a.s.c.PluginBag requestHandler : '/spell' created with startup=lazy 
2015-09-24 01:51:50.652 INFO  (coreLoadExecutor-6-thread-1) [   x:solr-qa] o.a.s.c.PluginBag requestHandler : '/suggest' created with startup=lazy 
2015-09-24 01:51:50.652 INFO  (coreLoadExecutor-6-thread-1) [   x:solr-qa] o.a.s.c.PluginBag requestHandler : '/tvrh' created with startup=lazy 
2015-09-24 01:51:50.652 INFO  (coreLoadExecutor-6-thread-1) [   x:solr-qa] o.a.s.c.PluginBag requestHandler : '/terms' created with startup=lazy 
2015-09-24 01:51:50.652 INFO  (coreLoadExecutor-6-thread-1) [   x:solr-qa] o.a.s.c.PluginBag requestHandler : '/elevate' created with startup=lazy 
2015-09-24 01:51:50.653 INFO  (coreLoadExecutor-6-thread-1) [   x:solr-qa] o.a.s.c.RequestHandlers Registered paths: /admin/mbeans,/browse,/update/json/docs,/admin/luke,/export,/get,/admin/properties,/elevate,/update/json,/admin/threads,/query,/analysis/field,/analysis/document,/spell,/update/csv,/tvrh,/select,/admin/segments,/admin/system,/suggest,/replication,/config,/stream,/schema,/admin/plugins,/admin/logging,/admin/ping,/update,/admin/file,/debug/dump,/terms,/update/extract
2015-09-24 01:51:50.662 INFO  (coreLoadExecutor-6-thread-1) [   x:solr-qa] o.a.s.c.SolrCore Using default statsCache cache: org.apache.solr.search.stats.LocalStatsCache
2015-09-24 01:51:50.685 INFO  (coreLoadExecutor-6-thread-1) [   x:solr-qa] o.a.s.u.UpdateHandler Using UpdateLog implementation: org.apache.solr.update.UpdateLog
2015-09-24 01:51:50.685 INFO  (coreLoadExecutor-6-thread-1) [   x:solr-qa] o.a.s.u.UpdateLog Initializing UpdateLog: dataDir= defaultSyncLevel=FLUSH numRecordsToKeep=100 maxNumLogsToKeep=10 numVersionBuckets=65536
2015-09-24 01:51:50.725 INFO  (coreLoadExecutor-6-thread-1) [   x:solr-qa] o.a.s.c.SolrCore Hard AutoCommit: if uncommited for 15000ms; 
2015-09-24 01:51:50.728 INFO  (coreLoadExecutor-6-thread-1) [   x:solr-qa] o.a.s.c.SolrCore Soft AutoCommit: disabled
2015-09-24 01:51:50.848 INFO  (coreLoadExecutor-6-thread-1) [   x:solr-qa] o.a.s.c.SolrCore SolrDeletionPolicy.onInit: commits: num=1
	commit{dir=NRTCachingDirectory(MMapDirectory@C:\Users\thyferny\git\mqa\solr-5.3.0\server\solr\solr-qa\data\index lockFactory=org.apache.lucene.store.NativeFSLockFactory@508849a5; maxCacheMB=48.0 maxMergeSizeMB=4.0),segFN=segments_2,generation=2}
2015-09-24 01:51:50.848 INFO  (coreLoadExecutor-6-thread-1) [   x:solr-qa] o.a.s.c.SolrCore newest commit generation = 2
2015-09-24 01:51:51.156 INFO  (coreLoadExecutor-6-thread-1) [   x:solr-qa] o.a.s.s.SolrIndexSearcher Opening Searcher@2e5f71d[solr-qa] main
2015-09-24 01:51:51.172 INFO  (coreLoadExecutor-6-thread-1) [   x:solr-qa] o.a.s.r.ManagedResourceStorage File-based storage initialized to use dir: C:\Users\thyferny\git\mqa\solr-5.3.0\server\solr\solr-qa\conf
2015-09-24 01:51:51.172 INFO  (coreLoadExecutor-6-thread-1) [   x:solr-qa] o.a.s.r.RestManager Initializing RestManager with initArgs: {storageDir=C:\Users\thyferny\git\mqa\solr-5.3.0\server\solr\solr-qa\conf}
2015-09-24 01:51:51.174 INFO  (coreLoadExecutor-6-thread-1) [   x:solr-qa] o.a.s.r.ManagedResourceStorage Reading _rest_managed.json using file:dir=C:\Users\thyferny\git\mqa\solr-5.3.0\server\solr\solr-qa\conf
2015-09-24 01:51:51.177 INFO  (coreLoadExecutor-6-thread-1) [   x:solr-qa] o.a.s.r.ManagedResourceStorage Loaded LinkedHashMap at path _rest_managed.json using file:dir=C:\Users\thyferny\git\mqa\solr-5.3.0\server\solr\solr-qa\conf
2015-09-24 01:51:51.177 INFO  (coreLoadExecutor-6-thread-1) [   x:solr-qa] o.a.s.r.ManagedResource Loaded initArgs {} for /rest/managed
2015-09-24 01:51:51.178 INFO  (coreLoadExecutor-6-thread-1) [   x:solr-qa] o.a.s.r.RestManager Initializing 2 registered ManagedResources
2015-09-24 01:51:51.178 INFO  (coreLoadExecutor-6-thread-1) [   x:solr-qa] o.a.s.r.ManagedResourceStorage Reading _schema_analysis_stopwords_english.json using file:dir=C:\Users\thyferny\git\mqa\solr-5.3.0\server\solr\solr-qa\conf
2015-09-24 01:51:51.180 INFO  (coreLoadExecutor-6-thread-1) [   x:solr-qa] o.a.s.r.ManagedResourceStorage Loaded LinkedHashMap at path _schema_analysis_stopwords_english.json using file:dir=C:\Users\thyferny\git\mqa\solr-5.3.0\server\solr\solr-qa\conf
2015-09-24 01:51:51.181 INFO  (coreLoadExecutor-6-thread-1) [   x:solr-qa] o.a.s.r.ManagedResource Loaded initArgs {ignoreCase=true} for /schema/analysis/stopwords/english
2015-09-24 01:51:51.181 INFO  (coreLoadExecutor-6-thread-1) [   x:solr-qa] o.a.s.r.ManagedResource Loaded 35 words for /schema/analysis/stopwords/english
2015-09-24 01:51:51.181 INFO  (coreLoadExecutor-6-thread-1) [   x:solr-qa] o.a.s.r.ManagedResource Notified 1 observers of /schema/analysis/stopwords/english
2015-09-24 01:51:51.182 INFO  (coreLoadExecutor-6-thread-1) [   x:solr-qa] o.a.s.r.ManagedResourceStorage Reading _schema_analysis_synonyms_english.json using file:dir=C:\Users\thyferny\git\mqa\solr-5.3.0\server\solr\solr-qa\conf
2015-09-24 01:51:51.183 INFO  (coreLoadExecutor-6-thread-1) [   x:solr-qa] o.a.s.r.ManagedResourceStorage Loaded LinkedHashMap at path _schema_analysis_synonyms_english.json using file:dir=C:\Users\thyferny\git\mqa\solr-5.3.0\server\solr\solr-qa\conf
2015-09-24 01:51:51.183 INFO  (coreLoadExecutor-6-thread-1) [   x:solr-qa] o.a.s.r.ManagedResource Loaded initArgs {ignoreCase=true,format=solr} for /schema/analysis/synonyms/english
2015-09-24 01:51:51.184 INFO  (coreLoadExecutor-6-thread-1) [   x:solr-qa] o.a.s.r.ManagedResource Loaded 3 synonym mappings for /schema/analysis/synonyms/english
2015-09-24 01:51:51.205 INFO  (coreLoadExecutor-6-thread-1) [   x:solr-qa] o.a.s.r.ManagedResource Notified 1 observers of /schema/analysis/synonyms/english
2015-09-24 01:51:51.230 INFO  (coreLoadExecutor-6-thread-1) [   x:solr-qa] o.a.s.h.c.SpellCheckComponent Initializing spell checkers
2015-09-24 01:51:51.255 INFO  (coreLoadExecutor-6-thread-1) [   x:solr-qa] o.a.s.s.DirectSolrSpellChecker init: {name=default,field=text,classname=solr.DirectSolrSpellChecker,distanceMeasure=internal,accuracy=0.5,maxEdits=2,minPrefix=1,maxInspections=5,minQueryLength=4,maxQueryFrequency=0.01}
2015-09-24 01:51:51.282 INFO  (coreLoadExecutor-6-thread-1) [   x:solr-qa] o.a.s.h.c.SpellCheckComponent No queryConverter defined, using default converter
2015-09-24 01:51:51.288 INFO  (coreLoadExecutor-6-thread-1) [   x:solr-qa] o.a.s.h.c.SuggestComponent Initializing SuggestComponent
2015-09-24 01:51:51.295 INFO  (coreLoadExecutor-6-thread-1) [   x:solr-qa] o.a.s.s.s.SolrSuggester init: {name=mySuggester,lookupImpl=FuzzyLookupFactory,dictionaryImpl=DocumentDictionaryFactory,field=cat,weightField=price,suggestAnalyzerFieldType=string,buildOnStartup=false}
2015-09-24 01:51:51.392 INFO  (coreLoadExecutor-6-thread-1) [   x:solr-qa] o.a.s.s.s.SolrSuggester Dictionary loaded with params: {name=mySuggester,lookupImpl=FuzzyLookupFactory,dictionaryImpl=DocumentDictionaryFactory,field=cat,weightField=price,suggestAnalyzerFieldType=string,buildOnStartup=false}
2015-09-24 01:51:51.397 INFO  (coreLoadExecutor-6-thread-1) [   x:solr-qa] o.a.s.h.c.QueryElevationComponent Loading QueryElevation from: C:\Users\thyferny\git\mqa\solr-5.3.0\server\solr\solr-qa\conf\elevate.xml
2015-09-24 01:51:51.464 INFO  (coreLoadExecutor-6-thread-1) [   x:solr-qa] o.a.s.h.ReplicationHandler Commits will be reserved for  10000
2015-09-24 01:51:51.490 INFO  (coreLoadExecutor-6-thread-1) [   x:solr-qa] o.a.s.u.UpdateLog Looking up max value of version field to seed version buckets
2015-09-24 01:51:51.494 INFO  (coreLoadExecutor-6-thread-1) [   x:solr-qa] o.a.s.u.VersionInfo Refreshing highest value of _version_ for 65536 version buckets from index
2015-09-24 01:51:51.504 INFO  (searcherExecutor-7-thread-1-processing-x:solr-qa) [   x:solr-qa] o.a.s.c.SolrCore QuerySenderListener sending requests to Searcher@2e5f71d[solr-qa] main{ExitableDirectoryReader(UninvertingDirectoryReader(Uninverting(_0(5.3.0):C1601)))}
2015-09-24 01:51:51.540 INFO  (coreLoadExecutor-6-thread-1) [   x:solr-qa] o.a.s.u.VersionInfo Found MAX value 1512279324153085952 from Terms for _version_ in index
2015-09-24 01:51:51.551 INFO  (coreLoadExecutor-6-thread-1) [   x:solr-qa] o.a.s.u.UpdateLog Took 61 ms to seed version buckets with highest version 1512279324153085952
2015-09-24 01:51:51.553 INFO  (coreLoadExecutor-6-thread-1) [   x:solr-qa] o.a.s.c.CoreContainer registering core: solr-qa
2015-09-24 01:51:51.637 INFO  (searcherExecutor-7-thread-1-processing-x:solr-qa) [   x:solr-qa] o.a.s.c.S.Request [solr-qa] webapp=null path=null params={q=static+firstSearcher+warming+in+solrconfig.xml&distrib=false&event=firstSearcher} hits=0 status=0 QTime=121 
2015-09-24 01:51:51.641 INFO  (searcherExecutor-7-thread-1-processing-x:solr-qa) [   x:solr-qa] o.a.s.c.SolrCore QuerySenderListener done.
2015-09-24 01:51:51.641 INFO  (searcherExecutor-7-thread-1-processing-x:solr-qa) [   x:solr-qa] o.a.s.h.c.SpellCheckComponent Loading spell index for spellchecker: default
2015-09-24 01:51:51.642 INFO  (searcherExecutor-7-thread-1-processing-x:solr-qa) [   x:solr-qa] o.a.s.h.c.SpellCheckComponent Loading spell index for spellchecker: wordbreak
2015-09-24 01:51:51.644 INFO  (searcherExecutor-7-thread-1-processing-x:solr-qa) [   x:solr-qa] o.a.s.c.SolrCore [solr-qa] Registered new searcher Searcher@2e5f71d[solr-qa] main{ExitableDirectoryReader(UninvertingDirectoryReader(Uninverting(_0(5.3.0):C1601)))}
2015-09-24 01:52:40.705 INFO  (qtp429313384-22) [   x:solr-qa] o.a.s.c.S.Request [solr-qa] webapp=/solr path=/select params={hl.snippets=1&q=ÂÎËõ+and+ÔË¶¯+and+¾çÁÒ&hl=true&hl.simple.post=</font>&fl=name,symptom,pathogeny,treatment,other&start=0&hl.fragsize=1000&hl.fl=title&rows=10&wt=javabin&version=2&hl.simple.pre=<font+color%3D"red">} hits=900 status=0 QTime=105 
2015-09-24 01:53:07.888 INFO  (qtp429313384-15) [   x:solr-qa] o.a.s.c.S.Request [solr-qa] webapp=/solr path=/select params={hl.snippets=1&q=Å»ÍÂ+and+¶ñÐÄ&hl=true&hl.simple.post=</font>&fl=name,symptom,pathogeny,treatment,other&start=0&hl.fragsize=1000&hl.fl=title&rows=10&wt=javabin&version=2&hl.simple.pre=<font+color%3D"red">} hits=809 status=0 QTime=28 
2015-09-24 01:53:24.799 INFO  (qtp429313384-22) [   x:solr-qa] o.a.s.c.S.Request [solr-qa] webapp=/solr path=/select params={hl.snippets=1&q=Å»ÍÂ+and+¶ñÐÄ&hl=true&hl.simple.post=</font>&fl=name,symptom,pathogeny,treatment,other&start=0&hl.fragsize=1000&hl.fl=title&rows=10&wt=javabin&version=2&hl.simple.pre=<font+color%3D"red">} hits=809 status=0 QTime=2 
2015-09-24 01:53:48.782 INFO  (qtp429313384-22) [   x:solr-qa] o.a.s.c.S.Request [solr-qa] webapp=/solr path=/select params={hl.snippets=1&q=Å»ÍÂ+and+¶ñÐÄ&hl=true&hl.simple.post=</font>&fl=name,symptom,pathogeny,treatment,other&start=0&hl.fragsize=1000&hl.fl=title&rows=10&wt=javabin&version=2&hl.simple.pre=<font+color%3D"red">} hits=809 status=0 QTime=2 
2015-09-24 02:00:57.907 INFO  (qtp429313384-15) [   x:solr-qa] o.a.s.c.S.Request [solr-qa] webapp=/solr path=/select params={hl.snippets=1&q=Å»ÍÂ+and+¶ñÐÄ&hl=true&hl.simple.post=</font>&fl=name,symptom,pathogeny,treatment,other&start=0&hl.fragsize=1000&hl.fl=title&rows=10&wt=javabin&version=2&hl.simple.pre=<font+color%3D"red">} hits=809 status=0 QTime=21 
2015-09-24 02:10:09.154 INFO  (qtp429313384-18) [   x:solr-qa] o.a.s.c.S.Request [solr-qa] webapp=/solr path=/select params={hl.snippets=1&q=Å»ÍÂ+and+¶ñÐÄ&hl=true&hl.simple.post=</font>&fl=name,symptom,pathogeny,treatment,other&start=0&hl.fragsize=1000&hl.fl=title&rows=10&wt=javabin&version=2&hl.simple.pre=<font+color%3D"red">} hits=809 status=0 QTime=41 
2015-09-24 02:10:28.667 INFO  (qtp429313384-18) [   x:solr-qa] o.a.s.c.S.Request [solr-qa] webapp=/solr path=/select params={hl.snippets=1&q=Å»ÍÂ+and+¶ñÐÄ&hl=true&hl.simple.post=</font>&fl=name,symptom,pathogeny,treatment,other&start=0&hl.fragsize=1000&hl.fl=title&rows=10&wt=javabin&version=2&hl.simple.pre=<font+color%3D"red">} hits=809 status=0 QTime=3 
